"../../../Engine/Content/EditorResources/S_Actor.ubulk" 0
"../../../Engine/Content/EditorResources/S_Actor.uasset" 1
"../../../Engine/Content/EditorResources/S_Actor.uexp" 2
"../../../Engine/Content/EditorResources/S_BoxReflectionCapture.uasset" 3
"../../../Engine/Content/EditorResources/S_BoxReflectionCapture.uexp" 4
"../../../Engine/Content/EngineResources/DefaultTexture.ubulk" 5
"../../../Engine/Content/EngineResources/DefaultTexture.uasset" 6
"../../../Engine/Content/EngineResources/DefaultTexture.uexp" 7
"../../../Engine/Content/EngineResources/DefaultTextureCube.uasset" 8
"../../../Engine/Content/EngineResources/DefaultTextureCube.uexp" 9
"../../../Engine/Content/EngineResources/DefaultVolumeTexture2D.uasset" 10
"../../../Engine/Content/EngineResources/DefaultVolumeTexture2D.uexp" 11
"../../../Engine/Content/EngineResources/DefaultVolumeTexture.uasset" 12
"../../../Engine/Content/EngineResources/DefaultVolumeTexture.uexp" 13
"../../../Engine/Content/EditorResources/S_Trigger.ubulk" 14
"../../../Engine/Content/EditorResources/S_Trigger.uasset" 15
"../../../Engine/Content/EditorResources/S_Trigger.uexp" 16
"../../../Engine/Content/EditorResources/S_TriggerBox.uasset" 17
"../../../Engine/Content/EditorResources/S_TriggerBox.uexp" 18
"../../../Engine/Content/EditorResources/S_TriggerCapsule.uasset" 19
"../../../Engine/Content/EditorResources/S_TriggerCapsule.uexp" 20
"../../../Engine/Content/EditorResources/S_TriggerSphere.uasset" 21
"../../../Engine/Content/EditorResources/S_TriggerSphere.uexp" 22
"../../../Engine/Content/EngineMeshes/Sphere.uasset" 23
"../../../Engine/Content/EngineMeshes/Sphere.uexp" 24
"../../../Engine/Content/EngineResources/GradientTexture0.uasset" 25
"../../../Engine/Content/EngineResources/GradientTexture0.uexp" 26
"../../../Engine/Content/EngineResources/Black.uasset" 27
"../../../Engine/Content/EngineResources/Black.uexp" 28
"../../../Engine/Content/VREditor/LaserPointer/VR_LaserPower_01.ubulk" 29
"../../../Engine/Content/VREditor/LaserPointer/VR_LaserPower_01.uasset" 30
"../../../Engine/Content/VREditor/LaserPointer/VR_LaserPower_01.uexp" 31
"../../../Engine/Content/VREditor/TransformGizmo/TransformGizmoMaterial.uasset" 32
"../../../Engine/Content/VREditor/TransformGizmo/TransformGizmoMaterial.uexp" 33
"../../../Engine/Content/VREditor/TransformGizmo/TranslucentTransformGizmoMaterial.uasset" 34
"../../../Engine/Content/VREditor/TransformGizmo/TranslucentTransformGizmoMaterial.uexp" 35
"../../../Engine/Content/VREditor/TransformGizmo/PlaneTranslationHandle.uasset" 36
"../../../Engine/Content/VREditor/TransformGizmo/PlaneTranslationHandle.uexp" 37
"../../../Engine/Content/VREditor/TransformGizmo/BoundingBoxCorner.uasset" 38
"../../../Engine/Content/VREditor/TransformGizmo/BoundingBoxCorner.uexp" 39
"../../../Engine/Content/VREditor/TransformGizmo/BoundingBoxEdge.uasset" 40
"../../../Engine/Content/VREditor/TransformGizmo/BoundingBoxEdge.uexp" 41
"../../../Engine/Content/VREditor/TransformGizmo/Main.uasset" 42
"../../../Engine/Content/VREditor/TransformGizmo/Main.uexp" 43
"../../../Engine/Content/VREditor/TransformGizmo/Xray.uasset" 44
"../../../Engine/Content/VREditor/TransformGizmo/Xray.uexp" 45
"../../../Engine/Content/VREditor/TransformGizmo/SM_Sequencer_Node.uasset" 46
"../../../Engine/Content/VREditor/TransformGizmo/SM_Sequencer_Node.uexp" 47
"../../../Engine/Content/EditorMaterials/Camera/CineMat.uasset" 48
"../../../Engine/Content/EditorMaterials/Camera/CineMat.uexp" 49
"../../../Engine/Content/EditorMaterials/Camera/MI_CineMat_Rig.uasset" 50
"../../../Engine/Content/EditorMaterials/Camera/MI_CineMat_Rig.uexp" 51
"../../../Engine/Content/EditorMeshes/Camera/SM_CraneRig_Base.uasset" 52
"../../../Engine/Content/EditorMeshes/Camera/SM_CraneRig_Base.uexp" 53
"../../../Engine/Content/EditorMeshes/Camera/SM_CraneRig_Arm.uasset" 54
"../../../Engine/Content/EditorMeshes/Camera/SM_CraneRig_Arm.uexp" 55
"../../../Engine/Content/EditorMeshes/Camera/SM_CraneRig_Mount.uasset" 56
"../../../Engine/Content/EditorMeshes/Camera/SM_CraneRig_Mount.uexp" 57
"../../../Engine/Content/EditorMeshes/Camera/SM_CraneRig_Body.uasset" 58
"../../../Engine/Content/EditorMeshes/Camera/SM_CraneRig_Body.uexp" 59
"../../../Engine/Content/EditorMeshes/Camera/SM_RailRig_Track.uasset" 60
"../../../Engine/Content/EditorMeshes/Camera/SM_RailRig_Track.uexp" 61
"../../../Engine/Content/EditorMeshes/Camera/SM_RailRig_Mount.uasset" 62
"../../../Engine/Content/EditorMeshes/Camera/SM_RailRig_Mount.uexp" 63
"../../../Engine/Content/EngineMaterials/T_Default_Material_Grid_M.ubulk" 64
"../../../Engine/Content/EngineMaterials/T_Default_Material_Grid_M.uasset" 65
"../../../Engine/Content/EngineMaterials/T_Default_Material_Grid_M.uexp" 66
"../../../Engine/Content/EngineMaterials/T_Default_Material_Grid_N.ubulk" 67
"../../../Engine/Content/EngineMaterials/T_Default_Material_Grid_N.uasset" 68
"../../../Engine/Content/EngineMaterials/T_Default_Material_Grid_N.uexp" 69
"../../../Engine/Content/Functions/Engine_MaterialFunctions01/Opacity/CameraDepthFade.uasset" 70
"../../../Engine/Content/Functions/Engine_MaterialFunctions01/Opacity/CameraDepthFade.uexp" 71
"../../../Engine/Content/EngineMaterials/WorldGridMaterial.uasset" 72
"../../../Engine/Content/EngineMaterials/WorldGridMaterial.uexp" 73
"../../../Engine/Content/ArtTools/RenderToTexture/Meshes/S_1_Unit_Plane.uasset" 74
"../../../Engine/Content/ArtTools/RenderToTexture/Meshes/S_1_Unit_Plane.uexp" 75
"../../../Engine/Content/EditorMaterials/ParticleSystems/PSysThumbnail_NoImage.ubulk" 76
"../../../Engine/Content/EditorMaterials/ParticleSystems/PSysThumbnail_NoImage.uasset" 77
"../../../Engine/Content/EditorMaterials/ParticleSystems/PSysThumbnail_NoImage.uexp" 78
"../../../Engine/Content/EditorMaterials/ParticleSystems/PSysThumbnail_OOD.ubulk" 79
"../../../Engine/Content/EditorMaterials/ParticleSystems/PSysThumbnail_OOD.uasset" 80
"../../../Engine/Content/EditorMaterials/ParticleSystems/PSysThumbnail_OOD.uexp" 81
"../../../Engine/Content/EditorLandscapeResources/SplineEditorMeshMat.uasset" 82
"../../../Engine/Content/EditorLandscapeResources/SplineEditorMeshMat.uexp" 83
"../../../Engine/Content/EditorLandscapeResources/SplineEditorMesh.uasset" 84
"../../../Engine/Content/EditorLandscapeResources/SplineEditorMesh.uexp" 85
"../../../Engine/Content/EditorResources/S_Solver.ubulk" 86
"../../../Engine/Content/EditorResources/S_Solver.uasset" 87
"../../../Engine/Content/EditorResources/S_Solver.uexp" 88
"../../../Engine/Plugins/Media/MediaPlate/Content/SM_MediaPlateScreen.uasset" 89
"../../../Engine/Plugins/Media/MediaPlate/Content/SM_MediaPlateScreen.uexp" 90
"../../../Engine/Content/EngineMaterials/Good64x64TilingNoiseHighFreq.uasset" 91
"../../../Engine/Content/EngineMaterials/Good64x64TilingNoiseHighFreq.uexp" 92
"../../../Engine/Content/EngineMaterials/DefaultBokeh.uasset" 93
"../../../Engine/Content/EngineMaterials/DefaultBokeh.uexp" 94
"../../../Engine/Content/EngineMaterials/PreintegratedSkinBRDF.uasset" 95
"../../../Engine/Content/EngineMaterials/PreintegratedSkinBRDF.uexp" 96
"../../../Engine/Content/EngineMaterials/MiniFont.uasset" 97
"../../../Engine/Content/EngineMaterials/MiniFont.uexp" 98
"../../../Engine/Content/EngineMaterials/WeightMapPlaceholderTexture.uasset" 99
"../../../Engine/Content/EngineMaterials/WeightMapPlaceholderTexture.uexp" 100
"../../../Engine/Content/EngineMaterials/DefaultWhiteGrid.ubulk" 101
"../../../Engine/Content/EngineMaterials/DefaultWhiteGrid.uasset" 102
"../../../Engine/Content/EngineMaterials/DefaultWhiteGrid.uexp" 103
"../../../Engine/Content/EngineMaterials/DefaultMaterial.uasset" 104
"../../../Engine/Content/EngineMaterials/DefaultMaterial.uexp" 105
"../../../Engine/Content/BasicShapes/Sphere.uasset" 106
"../../../Engine/Content/BasicShapes/Sphere.uexp" 107
"../../../Engine/Content/BasicShapes/Plane.uasset" 108
"../../../Engine/Content/BasicShapes/Plane.uexp" 109
"../../../Engine/Content/BasicShapes/Cylinder.uasset" 110
"../../../Engine/Content/BasicShapes/Cylinder.uexp" 111
"../../../Engine/Content/BasicShapes/Cone.uasset" 112
"../../../Engine/Content/BasicShapes/Cone.uexp" 113
"../../../Engine/Content/EditorLandscapeResources/DefaultAlphaTexture.uasset" 114
"../../../Engine/Content/EditorLandscapeResources/DefaultAlphaTexture.uexp" 115
"../../../Engine/Content/EditorLandscapeResources/DataLayer.uasset" 116
"../../../Engine/Content/EditorLandscapeResources/DataLayer.uexp" 117
"../../../Engine/Content/EditorMaterials/PreviewShadowIndicator.ubulk" 118
"../../../Engine/Content/EditorMaterials/PreviewShadowIndicator.uasset" 119
"../../../Engine/Content/EditorMaterials/PreviewShadowIndicator.uexp" 120
"../../../Engine/Content/EditorMaterials/PreviewShadowIndicatorMaterial.uasset" 121
"../../../Engine/Content/EditorMaterials/PreviewShadowIndicatorMaterial.uexp" 122
"../../../Engine/Content/EditorMaterials/PhAT_UnselectedMaterial.uasset" 123
"../../../Engine/Content/EditorMaterials/PhAT_UnselectedMaterial.uexp" 124
"../../../Engine/Content/EditorMaterials/PhAT_NoCollisionMaterial.uasset" 125
"../../../Engine/Content/EditorMaterials/PhAT_NoCollisionMaterial.uexp" 126
"../../../Engine/Content/Functions/Engine_MaterialFunctions02/Utility/MakeFloat4.uasset" 127
"../../../Engine/Content/Functions/Engine_MaterialFunctions02/Utility/MakeFloat4.uexp" 128
"../../../Engine/Content/Functions/Engine_MaterialFunctions02/Utility/MakeFloat3.uasset" 129
"../../../Engine/Content/Functions/Engine_MaterialFunctions02/Utility/MakeFloat3.uexp" 130
"../../../Engine/Content/Functions/Engine_MaterialFunctions02/Utility/BreakOutFloat3Components.uasset" 131
"../../../Engine/Content/Functions/Engine_MaterialFunctions02/Utility/BreakOutFloat3Components.uexp" 132
"../../../Engine/Content/EditorMaterials/WorldPartition/WorldPartitionSpatialHashGridPreviewMaterial.uasset" 133
"../../../Engine/Content/EditorMaterials/WorldPartition/WorldPartitionSpatialHashGridPreviewMaterial.uexp" 134
"../../../Engine/Content/EditorResources/S_Terrain.ubulk" 135
"../../../Engine/Content/EditorResources/S_Terrain.uasset" 136
"../../../Engine/Content/EditorResources/S_Terrain.uexp" 137
"../../../Engine/Content/EditorResources/EmptyActor.uasset" 138
"../../../Engine/Content/EditorResources/EmptyActor.uexp" 139
"../../../Engine/Content/EditorResources/BSPVertex.uasset" 140
"../../../Engine/Content/EditorResources/BSPVertex.uexp" 141
"../../../Engine/Content/EditorResources/SequenceRecorder/RecordingIndicator.uasset" 142
"../../../Engine/Content/EditorResources/SequenceRecorder/RecordingIndicator.uexp" 143
"../../../Engine/Content/EditorResources/SequenceRecorder/Countdown.uasset" 144
"../../../Engine/Content/EditorResources/SequenceRecorder/Countdown.uexp" 145
"../../../Engine/Content/EngineDamageTypes/DmgTypeBP_Environmental.uasset" 146
"../../../Engine/Content/EngineDamageTypes/DmgTypeBP_Environmental.uexp" 147
"../../../Engine/Content/Functions/Engine_MaterialFunctions02/Utility/CameraDirectionVector.uasset" 148
"../../../Engine/Content/Functions/Engine_MaterialFunctions02/Utility/CameraDirectionVector.uexp" 149
"../../../Engine/Content/EngineDebugMaterials/VolumeToRender.uasset" 150
"../../../Engine/Content/EngineDebugMaterials/VolumeToRender.uexp" 151
"../../../Engine/Content/EngineDebugMaterials/M_VolumeRenderSphereTracePP.uasset" 152
"../../../Engine/Content/EngineDebugMaterials/M_VolumeRenderSphereTracePP.uexp" 153
"../../../Engine/Content/EngineDebugMaterials/M_SimpleUnlitTranslucent.uasset" 154
"../../../Engine/Content/EngineDebugMaterials/M_SimpleUnlitTranslucent.uexp" 155
"../../../Engine/Content/EngineDebugMaterials/DebugMeshMaterial.uasset" 156
"../../../Engine/Content/EngineDebugMaterials/DebugMeshMaterial.uexp" 157
"../../../Engine/Content/EngineDebugMaterials/DebugEditorMaterial.uasset" 158
"../../../Engine/Content/EngineDebugMaterials/DebugEditorMaterial.uexp" 159
"../../../Engine/Content/EngineFonts/TinyFont.uasset" 160
"../../../Engine/Content/EngineFonts/TinyFont.uexp" 161
"../../../Engine/Content/EngineFonts/Faces/RobotoLight.uexp" 162
"../../../Engine/Content/EngineFonts/Faces/RobotoLight.uasset" 163
"../../../Engine/Content/EngineFonts/Faces/RobotoLight.ufont" 164
"../../../Engine/Content/EngineFonts/Faces/RobotoBold.uexp" 165
"../../../Engine/Content/EngineFonts/Faces/RobotoBold.uasset" 166
"../../../Engine/Content/EngineFonts/Faces/RobotoBold.ufont" 167
"../../../Engine/Content/EngineFonts/Faces/RobotoRegular.uexp" 168
"../../../Engine/Content/EngineFonts/Faces/RobotoRegular.uasset" 169
"../../../Engine/Content/EngineFonts/Faces/RobotoRegular.ufont" 170
"../../../Engine/Content/EngineFonts/Faces/DroidSansFallback.uexp" 171
"../../../Engine/Content/EngineFonts/Faces/DroidSansFallback.uasset" 172
"../../../Engine/Content/EngineFonts/Faces/DroidSansFallback.ufont" 173
"../../../Engine/Content/EngineFonts/Faces/RobotoItalic.uexp" 174
"../../../Engine/Content/EngineFonts/Faces/RobotoItalic.uasset" 175
"../../../Engine/Content/EngineFonts/Faces/RobotoItalic.ufont" 176
"../../../Engine/Content/EngineFonts/Faces/RobotoBoldItalic.uexp" 177
"../../../Engine/Content/EngineFonts/Faces/RobotoBoldItalic.uasset" 178
"../../../Engine/Content/EngineFonts/Faces/RobotoBoldItalic.ufont" 179
"../../../Engine/Content/EngineFonts/Roboto.uasset" 180
"../../../Engine/Content/EngineFonts/Roboto.uexp" 181
"../../../Engine/Content/EngineResources/WhiteSquareTexture.uasset" 182
"../../../Engine/Content/EngineResources/WhiteSquareTexture.uexp" 183
"../../../Engine/Content/EngineMaterials/Widget3DPassThrough.uasset" 184
"../../../Engine/Content/EngineMaterials/Widget3DPassThrough.uexp" 185
"../../../Engine/Content/EngineMaterials/Widget3DPassThrough_Translucent.uasset" 186
"../../../Engine/Content/EngineMaterials/Widget3DPassThrough_Translucent.uexp" 187
"../../../Engine/Content/EngineMaterials/Widget3DPassThrough_Translucent_OneSided.uasset" 188
"../../../Engine/Content/EngineMaterials/Widget3DPassThrough_Translucent_OneSided.uexp" 189
"../../../Engine/Content/EngineMaterials/Widget3DPassThrough_Opaque.uasset" 190
"../../../Engine/Content/EngineMaterials/Widget3DPassThrough_Opaque.uexp" 191
"../../../Engine/Content/EngineMaterials/Widget3DPassThrough_Opaque_OneSided.uasset" 192
"../../../Engine/Content/EngineMaterials/Widget3DPassThrough_Opaque_OneSided.uexp" 193
"../../../Engine/Content/EngineMaterials/Widget3DPassThrough_Masked_OneSided.uasset" 194
"../../../Engine/Content/EngineMaterials/Widget3DPassThrough_Masked_OneSided.uexp" 195
"../../../Engine/Content/EngineMaterials/Widget3DPassThrough_Masked.uasset" 196
"../../../Engine/Content/EngineMaterials/Widget3DPassThrough_Masked.uexp" 197
"../../../Engine/Content/EngineMaterials/STBlueNoise_vec2_128x128x64.uasset" 198
"../../../Engine/Content/EngineMaterials/STBlueNoise_vec2_128x128x64.uexp" 199
"../../../Engine/Content/EngineMaterials/STBlueNoise_scalar_128x128x64.uasset" 200
"../../../Engine/Content/EngineMaterials/STBlueNoise_scalar_128x128x64.uexp" 201
"../../../Engine/Content/EngineMaterials/RemoveSurfaceMaterial.uasset" 202
"../../../Engine/Content/EngineMaterials/RemoveSurfaceMaterial.uexp" 203
"../../../Engine/Content/EngineMaterials/DefaultCalibrationGrayscale.uasset" 204
"../../../Engine/Content/EngineMaterials/DefaultCalibrationGrayscale.uexp" 205
"../../../Engine/Content/EngineMaterials/PPM_DefaultCalibrationGrayscale.uasset" 206
"../../../Engine/Content/EngineMaterials/PPM_DefaultCalibrationGrayscale.uexp" 207
"../../../Engine/Content/EngineMaterials/DefaultCalibrationColor.uasset" 208
"../../../Engine/Content/EngineMaterials/DefaultCalibrationColor.uexp" 209
"../../../Engine/Content/EngineMaterials/PPM_DefaultCalibrationColor.uasset" 210
"../../../Engine/Content/EngineMaterials/PPM_DefaultCalibrationColor.uexp" 211
"../../../Engine/Content/Functions/Engine_MaterialFunctions02/WorldPositionOffset/CameraOffset.uasset" 212
"../../../Engine/Content/Functions/Engine_MaterialFunctions02/WorldPositionOffset/CameraOffset.uexp" 213
"../../../Engine/Content/EngineMaterials/PhAT_JointLimitMaterial.uasset" 214
"../../../Engine/Content/EngineMaterials/PhAT_JointLimitMaterial.uexp" 215
"../../../Engine/Content/EngineMaterials/InvalidLightmapSettings.ubulk" 216
"../../../Engine/Content/EngineMaterials/InvalidLightmapSettings.uasset" 217
"../../../Engine/Content/EngineMaterials/InvalidLightmapSettings.uexp" 218
"../../../Engine/Content/EngineMaterials/M_InvalidLightmapSettings.uasset" 219
"../../../Engine/Content/EngineMaterials/M_InvalidLightmapSettings.uexp" 220
"../../../Engine/Content/EngineMaterials/GizmoMaterial.uasset" 221
"../../../Engine/Content/EngineMaterials/GizmoMaterial.uexp" 222
"../../../Engine/Content/EngineMaterials/BaseFlattenEmissiveMap_VT.uasset" 223
"../../../Engine/Content/EngineMaterials/BaseFlattenEmissiveMap_VT.uexp" 224
"../../../Engine/Content/EngineMaterials/BaseFlattenGrayscaleMap_VT.uasset" 225
"../../../Engine/Content/EngineMaterials/BaseFlattenGrayscaleMap_VT.uexp" 226
"../../../Engine/Content/EngineMaterials/BaseFlattenLinearColor_VT.uasset" 227
"../../../Engine/Content/EngineMaterials/BaseFlattenLinearColor_VT.uexp" 228
"../../../Engine/Content/EngineMaterials/Black_1x1_EXR_Texture_VT.uasset" 229
"../../../Engine/Content/EngineMaterials/Black_1x1_EXR_Texture_VT.uexp" 230
"../../../Engine/Content/EngineMaterials/BaseFlattenDiffuseMap_VT.uasset" 231
"../../../Engine/Content/EngineMaterials/BaseFlattenDiffuseMap_VT.uexp" 232
"../../../Engine/Content/EngineMaterials/BaseFlattenNormalMap_VT.uasset" 233
"../../../Engine/Content/EngineMaterials/BaseFlattenNormalMap_VT.uexp" 234
"../../../Engine/Content/EngineMaterials/FlattenMaterial_WS_Normal_VT.uasset" 235
"../../../Engine/Content/EngineMaterials/FlattenMaterial_WS_Normal_VT.uexp" 236
"../../../Engine/Content/EngineMaterials/FlattenMaterial_VT.uasset" 237
"../../../Engine/Content/EngineMaterials/FlattenMaterial_VT.uexp" 238
"../../../Engine/Content/EngineMaterials/BaseFlattenNormalMap.uasset" 239
"../../../Engine/Content/EngineMaterials/BaseFlattenNormalMap.uexp" 240
"../../../Engine/Content/EngineMaterials/BaseFlattenGrayscaleMap.uasset" 241
"../../../Engine/Content/EngineMaterials/BaseFlattenGrayscaleMap.uexp" 242
"../../../Engine/Content/EngineMaterials/BaseFlattenDiffuseMap.uasset" 243
"../../../Engine/Content/EngineMaterials/BaseFlattenDiffuseMap.uexp" 244
"../../../Engine/Content/Functions/Engine_MaterialFunctions02/PivotPainter2/Black_1x1_EXR_Texture.uasset" 245
"../../../Engine/Content/Functions/Engine_MaterialFunctions02/PivotPainter2/Black_1x1_EXR_Texture.uexp" 246
"../../../Engine/Content/EngineMaterials/BaseFlattenEmissiveMap.uasset" 247
"../../../Engine/Content/EngineMaterials/BaseFlattenEmissiveMap.uexp" 248
"../../../Engine/Content/EngineMaterials/BaseFlattenLinearColor.uasset" 249
"../../../Engine/Content/EngineMaterials/BaseFlattenLinearColor.uexp" 250
"../../../Engine/Content/EngineMaterials/FlattenMaterial.uasset" 251
"../../../Engine/Content/EngineMaterials/FlattenMaterial.uexp" 252
"../../../Engine/Content/EngineMaterials/DefaultWhiteGrid_Low.uasset" 253
"../../../Engine/Content/EngineMaterials/DefaultWhiteGrid_Low.uexp" 254
"../../../Engine/Content/EngineMaterials/EmissiveMeshMaterial.uasset" 255
"../../../Engine/Content/EngineMaterials/EmissiveMeshMaterial.uexp" 256
"../../../Engine/Content/EngineFonts/RobotoDistanceField.uasset" 257
"../../../Engine/Content/EngineFonts/RobotoDistanceField.uexp" 258
"../../../Engine/Content/EngineMaterials/DefaultTextMaterialOpaque.uasset" 259
"../../../Engine/Content/EngineMaterials/DefaultTextMaterialOpaque.uexp" 260
"../../../Engine/Content/EngineMaterials/DefaultDiffuse.ubulk" 261
"../../../Engine/Content/EngineMaterials/DefaultDiffuse.uasset" 262
"../../../Engine/Content/EngineMaterials/DefaultDiffuse.uexp" 263
"../../../Engine/Content/Functions/Engine_MaterialFunctions02/Utility/BreakOutFloat2Components.uasset" 264
"../../../Engine/Content/Functions/Engine_MaterialFunctions02/Utility/BreakOutFloat2Components.uexp" 265
"../../../Engine/Content/EngineMaterials/DefaultPostProcessMaterial.uasset" 266
"../../../Engine/Content/EngineMaterials/DefaultPostProcessMaterial.uexp" 267
"../../../Engine/Content/EngineMaterials/DefaultPhysicalMaterial.uasset" 268
"../../../Engine/Content/EngineMaterials/DefaultPhysicalMaterial.uexp" 269
"../../../Engine/Content/EngineMaterials/DefaultLightFunctionMaterial.uasset" 270
"../../../Engine/Content/EngineMaterials/DefaultLightFunctionMaterial.uexp" 271
"../../../Engine/Content/EngineMaterials/DefaultDestructiblePhysicalMaterial.uasset" 272
"../../../Engine/Content/EngineMaterials/DefaultDestructiblePhysicalMaterial.uexp" 273
"../../../Engine/Content/EngineMaterials/DefaultDeferredDecalMaterial.uasset" 274
"../../../Engine/Content/EngineMaterials/DefaultDeferredDecalMaterial.uexp" 275
"../../../Engine/Content/EngineMaterials/DefaultBloomKernel.uasset" 276
"../../../Engine/Content/EngineMaterials/DefaultBloomKernel.uexp" 277
"../../../Engine/Content/EngineResources/FilmGrains/Marcie_Grain_v3_128_M2_000.uasset" 278
"../../../Engine/Content/EngineResources/FilmGrains/Marcie_Grain_v3_128_M2_000.uexp" 279
"../../../Engine/Content/EngineSky/T_Sky_Stars.ubulk" 280
"../../../Engine/Content/EngineSky/T_Sky_Stars.uasset" 281
"../../../Engine/Content/EngineSky/T_Sky_Stars.uexp" 282
"../../../Engine/Content/EngineSky/T_Sky_Clouds_M.ubulk" 283
"../../../Engine/Content/EngineSky/T_Sky_Clouds_M.uasset" 284
"../../../Engine/Content/EngineSky/T_Sky_Clouds_M.uexp" 285
"../../../Engine/Content/EngineSky/T_Sky_Blue.ubulk" 286
"../../../Engine/Content/EngineSky/T_Sky_Blue.uasset" 287
"../../../Engine/Content/EngineSky/T_Sky_Blue.uexp" 288
"../../../Engine/Content/EngineSky/M_Sky_Panning_Clouds2.uasset" 289
"../../../Engine/Content/EngineSky/M_Sky_Panning_Clouds2.uexp" 290
"../../../Engine/Content/EngineSky/SM_SkySphere.uasset" 291
"../../../Engine/Content/EngineSky/SM_SkySphere.uexp" 292
"../../../Engine/Content/EngineSky/M_SimpleSkyDome.uasset" 293
"../../../Engine/Content/EngineSky/M_SimpleSkyDome.uexp" 294
"../../../Engine/Content/EngineSky/VolumetricClouds/CloudWeatherTexture.uasset" 295
"../../../Engine/Content/EngineSky/VolumetricClouds/CloudWeatherTexture.uexp" 296
"../../../Engine/Content/Functions/Engine_MaterialFunctions02/Utility/MakeFloat2.uasset" 297
"../../../Engine/Content/Functions/Engine_MaterialFunctions02/Utility/MakeFloat2.uexp" 298
"../../../Engine/Content/EngineSky/VolumetricClouds/CloudGradientTexture.uasset" 299
"../../../Engine/Content/EngineSky/VolumetricClouds/CloudGradientTexture.uexp" 300
"../../../Engine/Content/EngineSky/VolumetricClouds/T_NoiseShape64.ubulk" 301
"../../../Engine/Content/EngineSky/VolumetricClouds/T_NoiseShape64.uasset" 302
"../../../Engine/Content/EngineSky/VolumetricClouds/T_NoiseShape64.uexp" 303
"../../../Engine/Content/EngineSky/VolumetricClouds/T_VolumeNoiseShape64.uasset" 304
"../../../Engine/Content/EngineSky/VolumetricClouds/T_VolumeNoiseShape64.uexp" 305
"../../../Engine/Content/EngineSky/VolumetricClouds/T_NoiseErosion.ubulk" 306
"../../../Engine/Content/EngineSky/VolumetricClouds/T_NoiseErosion.uasset" 307
"../../../Engine/Content/EngineSky/VolumetricClouds/T_NoiseErosion.uexp" 308
"../../../Engine/Content/EngineSky/VolumetricClouds/T_VolumeNoiseErosion32.uasset" 309
"../../../Engine/Content/EngineSky/VolumetricClouds/T_VolumeNoiseErosion32.uexp" 310
"../../../Engine/Content/EngineSky/VolumetricClouds/m_SimpleVolumetricCloud.uasset" 311
"../../../Engine/Content/EngineSky/VolumetricClouds/m_SimpleVolumetricCloud.uexp" 312
"../../../Engine/Content/EngineSky/VolumetricClouds/m_SimpleVolumetricCloud_Inst.uasset" 313
"../../../Engine/Content/EngineSky/VolumetricClouds/m_SimpleVolumetricCloud_Inst.uexp" 314
"../../../Engine/Content/EngineSounds/Master.uasset" 315
"../../../Engine/Content/EngineSounds/Master.uexp" 316
"../../../Engine/Content/Functions/Engine_MaterialFunctions01/Shading/PowerToRoughness.uasset" 317
"../../../Engine/Content/Functions/Engine_MaterialFunctions01/Shading/PowerToRoughness.uexp" 318
"../../../Engine/Content/Maps/Templates/HLODs/HLODLayer_Merged.uasset" 319
"../../../Engine/Content/Maps/Templates/HLODs/HLODLayer_Merged.uexp" 320
"../../../Engine/Content/MobileResources/HUD/VirtualJoystick_Background.uasset" 321
"../../../Engine/Content/MobileResources/HUD/VirtualJoystick_Background.uexp" 322
"../../../Engine/Content/MobileResources/HUD/VirtualJoystick_Thumb.uasset" 323
"../../../Engine/Content/MobileResources/HUD/VirtualJoystick_Thumb.uexp" 324
"../../../Engine/Content/MobileResources/HUD/DefaultVirtualJoysticks.uasset" 325
"../../../Engine/Content/MobileResources/HUD/DefaultVirtualJoysticks.uexp" 326
"../../../Engine/Plugins/2D/Paper2D/Content/PlaceholderTextures/DummySpriteTexture.ubulk" 327
"../../../Engine/Plugins/2D/Paper2D/Content/PlaceholderTextures/DummySpriteTexture.uasset" 328
"../../../Engine/Plugins/2D/Paper2D/Content/PlaceholderTextures/DummySpriteTexture.uexp" 329
"../../../Engine/Plugins/2D/Paper2D/Content/DefaultSpriteMaterial.uasset" 330
"../../../Engine/Plugins/2D/Paper2D/Content/DefaultSpriteMaterial.uexp" 331
"../../../Engine/Plugins/2D/Paper2D/Content/OpaqueUnlitSpriteMaterial.uasset" 332
"../../../Engine/Plugins/2D/Paper2D/Content/OpaqueUnlitSpriteMaterial.uexp" 333
"../../../Engine/Plugins/2D/Paper2D/Content/MaskedUnlitSpriteMaterial.uasset" 334
"../../../Engine/Plugins/2D/Paper2D/Content/MaskedUnlitSpriteMaterial.uexp" 335
"../../../Engine/Plugins/2D/Paper2D/Content/DummySprite.uasset" 336
"../../../Engine/Plugins/2D/Paper2D/Content/DummySprite.uexp" 337
"../../../Engine/Plugins/2D/Paper2D/Content/DefaultPaperTerrainMaterial.uasset" 338
"../../../Engine/Plugins/2D/Paper2D/Content/DefaultPaperTerrainMaterial.uexp" 339
"../../../Engine/Plugins/Animation/ControlRig/Content/M_Manip.uasset" 340
"../../../Engine/Plugins/Animation/ControlRig/Content/M_Manip.uexp" 341
"../../../Engine/Plugins/Animation/ControlRig/Content/Controls/DefaultGizmoLibraryNormalized.uasset" 342
"../../../Engine/Plugins/Animation/ControlRig/Content/Controls/DefaultGizmoLibraryNormalized.uexp" 343
"../../../Engine/Plugins/Animation/ControlRig/Content/Controls/ControlRig_Wedge_solid.uasset" 344
"../../../Engine/Plugins/Animation/ControlRig/Content/Controls/ControlRig_Wedge_solid.uexp" 345
"../../../Engine/Plugins/Animation/ControlRig/Content/Controls/ControlRig_Wedge_3mm.uasset" 346
"../../../Engine/Plugins/Animation/ControlRig/Content/Controls/ControlRig_Wedge_3mm.uexp" 347
"../../../Engine/Plugins/Animation/ControlRig/Content/Controls/ControlRig_Wedge_1mm.uasset" 348
"../../../Engine/Plugins/Animation/ControlRig/Content/Controls/ControlRig_Wedge_1mm.uexp" 349
"../../../Engine/Plugins/Animation/ControlRig/Content/Controls/ControlRig_Triangle_solid.uasset" 350
"../../../Engine/Plugins/Animation/ControlRig/Content/Controls/ControlRig_Triangle_solid.uexp" 351
"../../../Engine/Plugins/Animation/ControlRig/Content/Controls/ControlRig_Triangle_3mm.uasset" 352
"../../../Engine/Plugins/Animation/ControlRig/Content/Controls/ControlRig_Triangle_3mm.uexp" 353
"../../../Engine/Plugins/Animation/ControlRig/Content/Controls/ControlRig_Triangle_1mm.uasset" 354
"../../../Engine/Plugins/Animation/ControlRig/Content/Controls/ControlRig_Triangle_1mm.uexp" 355
"../../../Engine/Plugins/Animation/ControlRig/Content/Controls/ControlRig_Star4_solid.uasset" 356
"../../../Engine/Plugins/Animation/ControlRig/Content/Controls/ControlRig_Star4_solid.uexp" 357
"../../../Engine/Plugins/Animation/ControlRig/Content/Controls/ControlRig_Star4_3mm.uasset" 358
"../../../Engine/Plugins/Animation/ControlRig/Content/Controls/ControlRig_Star4_3mm.uexp" 359
"../../../Engine/Plugins/Animation/ControlRig/Content/Controls/ControlRig_Star4_1mm.uasset" 360
"../../../Engine/Plugins/Animation/ControlRig/Content/Controls/ControlRig_Star4_1mm.uexp" 361
"../../../Engine/Plugins/Animation/ControlRig/Content/Controls/ControlRig_Square_solid.uasset" 362
"../../../Engine/Plugins/Animation/ControlRig/Content/Controls/ControlRig_Square_solid.uexp" 363
"../../../Engine/Plugins/Animation/ControlRig/Content/Controls/ControlRig_Square_3mm.uasset" 364
"../../../Engine/Plugins/Animation/ControlRig/Content/Controls/ControlRig_Square_3mm.uexp" 365
"../../../Engine/Plugins/Animation/ControlRig/Content/Controls/ControlRig_Square_1mm.uasset" 366
"../../../Engine/Plugins/Animation/ControlRig/Content/Controls/ControlRig_Square_1mm.uexp" 367
"../../../Engine/Plugins/Animation/ControlRig/Content/Controls/ControlRig_Sphere_solid.uasset" 368
"../../../Engine/Plugins/Animation/ControlRig/Content/Controls/ControlRig_Sphere_solid.uexp" 369
"../../../Engine/Plugins/Animation/ControlRig/Content/Controls/ControlRig_Sphere_3mm.uasset" 370
"../../../Engine/Plugins/Animation/ControlRig/Content/Controls/ControlRig_Sphere_3mm.uexp" 371
"../../../Engine/Plugins/Animation/ControlRig/Content/Controls/ControlRig_Sphere_1mm.uasset" 372
"../../../Engine/Plugins/Animation/ControlRig/Content/Controls/ControlRig_Sphere_1mm.uexp" 373
"../../../Engine/Plugins/Animation/ControlRig/Content/Controls/ControlRig_RoundedTriangle_solid.uasset" 374
"../../../Engine/Plugins/Animation/ControlRig/Content/Controls/ControlRig_RoundedTriangle_solid.uexp" 375
"../../../Engine/Plugins/Animation/ControlRig/Content/Controls/ControlRig_RoundedTriangle_3mm.uasset" 376
"../../../Engine/Plugins/Animation/ControlRig/Content/Controls/ControlRig_RoundedTriangle_3mm.uexp" 377
"../../../Engine/Plugins/Animation/ControlRig/Content/Controls/ControlRig_RoundedTriangle_1mm.uasset" 378
"../../../Engine/Plugins/Animation/ControlRig/Content/Controls/ControlRig_RoundedTriangle_1mm.uexp" 379
"../../../Engine/Plugins/Animation/ControlRig/Content/Controls/ControlRig_RoundedSquare_solid.uasset" 380
"../../../Engine/Plugins/Animation/ControlRig/Content/Controls/ControlRig_RoundedSquare_solid.uexp" 381
"../../../Engine/Plugins/Animation/ControlRig/Content/Controls/ControlRig_RoundedSquare_3mm.uasset" 382
"../../../Engine/Plugins/Animation/ControlRig/Content/Controls/ControlRig_RoundedSquare_3mm.uexp" 383
"../../../Engine/Plugins/Animation/ControlRig/Content/Controls/ControlRig_RoundedSquare_1mm.uasset" 384
"../../../Engine/Plugins/Animation/ControlRig/Content/Controls/ControlRig_RoundedSquare_1mm.uexp" 385
"../../../Engine/Plugins/Animation/ControlRig/Content/Controls/ControlRig_QuarterCircle_solid.uasset" 386
"../../../Engine/Plugins/Animation/ControlRig/Content/Controls/ControlRig_QuarterCircle_solid.uexp" 387
"../../../Engine/Plugins/Animation/ControlRig/Content/Controls/ControlRig_QuarterCircle_3mm.uasset" 388
"../../../Engine/Plugins/Animation/ControlRig/Content/Controls/ControlRig_QuarterCircle_3mm.uexp" 389
"../../../Engine/Plugins/Animation/ControlRig/Content/Controls/ControlRig_QuarterCircle_1mm.uasset" 390
"../../../Engine/Plugins/Animation/ControlRig/Content/Controls/ControlRig_QuarterCircle_1mm.uexp" 391
"../../../Engine/Plugins/Animation/ControlRig/Content/Controls/ControlRig_Pyramid_solid.uasset" 392
"../../../Engine/Plugins/Animation/ControlRig/Content/Controls/ControlRig_Pyramid_solid.uexp" 393
"../../../Engine/Plugins/Animation/ControlRig/Content/Controls/ControlRig_Pyramid_3mm.uasset" 394
"../../../Engine/Plugins/Animation/ControlRig/Content/Controls/ControlRig_Pyramid_3mm.uexp" 395
"../../../Engine/Plugins/Animation/ControlRig/Content/Controls/ControlRig_Pyramid_1mm.uasset" 396
"../../../Engine/Plugins/Animation/ControlRig/Content/Controls/ControlRig_Pyramid_1mm.uexp" 397
"../../../Engine/Plugins/Animation/ControlRig/Content/Controls/ControlRig_Octagon_solid.uasset" 398
"../../../Engine/Plugins/Animation/ControlRig/Content/Controls/ControlRig_Octagon_solid.uexp" 399
"../../../Engine/Plugins/Animation/ControlRig/Content/Controls/ControlRig_Octagon_3mm.uasset" 400
"../../../Engine/Plugins/Animation/ControlRig/Content/Controls/ControlRig_Octagon_3mm.uexp" 401
"../../../Engine/Plugins/Animation/ControlRig/Content/Controls/ControlRig_Octagon_1mm.uasset" 402
"../../../Engine/Plugins/Animation/ControlRig/Content/Controls/ControlRig_Octagon_1mm.uexp" 403
"../../../Engine/Plugins/Animation/ControlRig/Content/Controls/ControlRig_Hexagon_solid.uasset" 404
"../../../Engine/Plugins/Animation/ControlRig/Content/Controls/ControlRig_Hexagon_solid.uexp" 405
"../../../Engine/Plugins/Animation/ControlRig/Content/Controls/ControlRig_Hexagon_3mm.uasset" 406
"../../../Engine/Plugins/Animation/ControlRig/Content/Controls/ControlRig_Hexagon_3mm.uexp" 407
"../../../Engine/Plugins/Animation/ControlRig/Content/Controls/ControlRig_Hexagon_1mm.uasset" 408
"../../../Engine/Plugins/Animation/ControlRig/Content/Controls/ControlRig_Hexagon_1mm.uexp" 409
"../../../Engine/Plugins/Animation/ControlRig/Content/Controls/ControlRig_HalfCircle_solid.uasset" 410
"../../../Engine/Plugins/Animation/ControlRig/Content/Controls/ControlRig_HalfCircle_solid.uexp" 411
"../../../Engine/Plugins/Animation/ControlRig/Content/Controls/ControlRig_HalfCircle_3mm.uasset" 412
"../../../Engine/Plugins/Animation/ControlRig/Content/Controls/ControlRig_HalfCircle_3mm.uexp" 413
"../../../Engine/Plugins/Animation/ControlRig/Content/Controls/ControlRig_HalfCircle_1mm.uasset" 414
"../../../Engine/Plugins/Animation/ControlRig/Content/Controls/ControlRig_HalfCircle_1mm.uexp" 415
"../../../Engine/Plugins/Animation/ControlRig/Content/Controls/ControlRig_Diamond_solid.uasset" 416
"../../../Engine/Plugins/Animation/ControlRig/Content/Controls/ControlRig_Diamond_solid.uexp" 417
"../../../Engine/Plugins/Animation/ControlRig/Content/Controls/ControlRig_Diamond_3mm.uasset" 418
"../../../Engine/Plugins/Animation/ControlRig/Content/Controls/ControlRig_Diamond_3mm.uexp" 419
"../../../Engine/Plugins/Animation/ControlRig/Content/Controls/ControlRig_Diamond_1mm.uasset" 420
"../../../Engine/Plugins/Animation/ControlRig/Content/Controls/ControlRig_Diamond_1mm.uexp" 421
"../../../Engine/Plugins/Animation/ControlRig/Content/Controls/ControlRig_Circle_solid.uasset" 422
"../../../Engine/Plugins/Animation/ControlRig/Content/Controls/ControlRig_Circle_solid.uexp" 423
"../../../Engine/Plugins/Animation/ControlRig/Content/Controls/ControlRig_Circle_3mm.uasset" 424
"../../../Engine/Plugins/Animation/ControlRig/Content/Controls/ControlRig_Circle_3mm.uexp" 425
"../../../Engine/Plugins/Animation/ControlRig/Content/Controls/ControlRig_Circle_1mm.uasset" 426
"../../../Engine/Plugins/Animation/ControlRig/Content/Controls/ControlRig_Circle_1mm.uexp" 427
"../../../Engine/Plugins/Animation/ControlRig/Content/Controls/ControlRig_Box_solid.uasset" 428
"../../../Engine/Plugins/Animation/ControlRig/Content/Controls/ControlRig_Box_solid.uexp" 429
"../../../Engine/Plugins/Animation/ControlRig/Content/Controls/ControlRig_Box_3mm.uasset" 430
"../../../Engine/Plugins/Animation/ControlRig/Content/Controls/ControlRig_Box_3mm.uexp" 431
"../../../Engine/Plugins/Animation/ControlRig/Content/Controls/ControlRig_Box_1mm.uasset" 432
"../../../Engine/Plugins/Animation/ControlRig/Content/Controls/ControlRig_Box_1mm.uexp" 433
"../../../Engine/Plugins/Animation/ControlRig/Content/Controls/ControlRig_Arrow_solid.uasset" 434
"../../../Engine/Plugins/Animation/ControlRig/Content/Controls/ControlRig_Arrow_solid.uexp" 435
"../../../Engine/Plugins/Animation/ControlRig/Content/Controls/ControlRig_Arrow_3mm.uasset" 436
"../../../Engine/Plugins/Animation/ControlRig/Content/Controls/ControlRig_Arrow_3mm.uexp" 437
"../../../Engine/Plugins/Animation/ControlRig/Content/Controls/ControlRig_Arrow_1mm.uasset" 438
"../../../Engine/Plugins/Animation/ControlRig/Content/Controls/ControlRig_Arrow_1mm.uexp" 439
"../../../Engine/Plugins/Animation/ControlRig/Content/Controls/ControlRig_Arrow4_solid.uasset" 440
"../../../Engine/Plugins/Animation/ControlRig/Content/Controls/ControlRig_Arrow4_solid.uexp" 441
"../../../Engine/Plugins/Animation/ControlRig/Content/Controls/ControlRig_Arrow4_3mm.uasset" 442
"../../../Engine/Plugins/Animation/ControlRig/Content/Controls/ControlRig_Arrow4_3mm.uexp" 443
"../../../Engine/Plugins/Animation/ControlRig/Content/Controls/ControlRig_Arrow4_1mm.uasset" 444
"../../../Engine/Plugins/Animation/ControlRig/Content/Controls/ControlRig_Arrow4_1mm.uexp" 445
"../../../Engine/Plugins/Animation/ControlRig/Content/Controls/ControlRig_Arrow2_solid.uasset" 446
"../../../Engine/Plugins/Animation/ControlRig/Content/Controls/ControlRig_Arrow2_solid.uexp" 447
"../../../Engine/Plugins/Animation/ControlRig/Content/Controls/ControlRig_Arrow2_3mm.uasset" 448
"../../../Engine/Plugins/Animation/ControlRig/Content/Controls/ControlRig_Arrow2_3mm.uexp" 449
"../../../Engine/Plugins/Animation/ControlRig/Content/Controls/ControlRig_Arrow2_1mm.uasset" 450
"../../../Engine/Plugins/Animation/ControlRig/Content/Controls/ControlRig_Arrow2_1mm.uexp" 451
"../../../Engine/Plugins/Animation/ControlRig/Content/Controls/ControlRigXRayMaterial.uasset" 452
"../../../Engine/Plugins/Animation/ControlRig/Content/Controls/ControlRigXRayMaterial.uexp" 453
"../../../Engine/Plugins/Animation/ControlRig/Content/Controls/ControlRigGizmoMaterial.uasset" 454
"../../../Engine/Plugins/Animation/ControlRig/Content/Controls/ControlRigGizmoMaterial.uexp" 455
"../../../Engine/Plugins/Editor/SpeedTreeImporter/Content/SpeedTree9/game_wind_noise.ubulk" 456
"../../../Engine/Plugins/Editor/SpeedTreeImporter/Content/SpeedTree9/game_wind_noise.uasset" 457
"../../../Engine/Plugins/Editor/SpeedTreeImporter/Content/SpeedTree9/game_wind_noise.uexp" 458
"../../../Engine/Plugins/Editor/SpeedTreeImporter/Content/SpeedTree9/UnpackDirection.uasset" 459
"../../../Engine/Plugins/Editor/SpeedTreeImporter/Content/SpeedTree9/UnpackDirection.uexp" 460
"../../../Engine/Content/Functions/Engine_MaterialFunctions02/ObjectLocalBounds.uasset" 461
"../../../Engine/Content/Functions/Engine_MaterialFunctions02/ObjectLocalBounds.uexp" 462
"../../../Engine/Content/Functions/Engine_MaterialFunctions02/UVs/BoundingBoxBased_0-1_UVW.uasset" 463
"../../../Engine/Content/Functions/Engine_MaterialFunctions02/UVs/BoundingBoxBased_0-1_UVW.uexp" 464
"../../../Engine/Content/Functions/Engine_MaterialFunctions02/Utility/VectorLength.uasset" 465
"../../../Engine/Content/Functions/Engine_MaterialFunctions02/Utility/VectorLength.uexp" 466
"../../../Engine/Plugins/Editor/SpeedTreeImporter/Content/SpeedTree9/UnpackInteger3.uasset" 467
"../../../Engine/Plugins/Editor/SpeedTreeImporter/Content/SpeedTree9/UnpackInteger3.uexp" 468
"../../../Engine/Plugins/Editor/SpeedTreeImporter/Content/SpeedTree9/SpeedTreeCameraFacing.uasset" 469
"../../../Engine/Plugins/Editor/SpeedTreeImporter/Content/SpeedTree9/SpeedTreeCameraFacing.uexp" 470
"../../../Engine/Content/Functions/Engine_MaterialFunctions02/WorldPositionOffset/ObjectScale.uasset" 471
"../../../Engine/Content/Functions/Engine_MaterialFunctions02/WorldPositionOffset/ObjectScale.uexp" 472
"../../../Engine/Content/Functions/Engine_MaterialFunctions02/SafeNormalize.uasset" 473
"../../../Engine/Content/Functions/Engine_MaterialFunctions02/SafeNormalize.uexp" 474
"../../../Engine/Plugins/Editor/SpeedTreeImporter/Content/SpeedTree9/SpeedTreeWindMotion.uasset" 475
"../../../Engine/Plugins/Editor/SpeedTreeImporter/Content/SpeedTree9/SpeedTreeWindMotion.uexp" 476
"../../../Engine/Plugins/Editor/SpeedTreeImporter/Content/SpeedTree9/SpeedTreeBranchMotion.uasset" 477
"../../../Engine/Plugins/Editor/SpeedTreeImporter/Content/SpeedTree9/SpeedTreeBranchMotion.uexp" 478
"../../../Engine/Plugins/Editor/SpeedTreeImporter/Content/SpeedTree9/SpeedTreeWind.uasset" 479
"../../../Engine/Plugins/Editor/SpeedTreeImporter/Content/SpeedTree9/SpeedTreeWind.uexp" 480
"../../../Engine/Plugins/Editor/SpeedTreeImporter/Content/SpeedTree9/EmptyNormal.uasset" 481
"../../../Engine/Plugins/Editor/SpeedTreeImporter/Content/SpeedTree9/EmptyNormal.uexp" 482
"../../../Engine/Plugins/Editor/SpeedTreeImporter/Content/SpeedTree9/Empty.uasset" 483
"../../../Engine/Plugins/Editor/SpeedTreeImporter/Content/SpeedTree9/Empty.uexp" 484
"../../../Engine/Plugins/Editor/SpeedTreeImporter/Content/SpeedTree9/SpeedTreeMaster.uasset" 485
"../../../Engine/Plugins/Editor/SpeedTreeImporter/Content/SpeedTree9/SpeedTreeMaster.uexp" 486
"../../../Engine/Plugins/Editor/SpeedTreeImporter/Content/SpeedTree9/SpeedTreeBillboard.uasset" 487
"../../../Engine/Plugins/Editor/SpeedTreeImporter/Content/SpeedTree9/SpeedTreeBillboard.uexp" 488
"../../../Engine/Plugins/Editor/SpeedTreeImporter/Content/SpeedTree9/SpeedTreeBillboardMaster.uasset" 489
"../../../Engine/Plugins/Editor/SpeedTreeImporter/Content/SpeedTree9/SpeedTreeBillboardMaster.uexp" 490
"D:/Unreal Project/Synergy/Content/LevelPrototyping/Textures/T_GridChecker_A.ubulk" 491
"D:/Unreal Project/Synergy/Content/LevelPrototyping/Textures/T_GridChecker_A.uasset" 492
"D:/Unreal Project/Synergy/Content/LevelPrototyping/Textures/T_GridChecker_A.uexp" 493
"../../../Engine/Content/Functions/Engine_MaterialFunctions01/Gradient/LinearGradient.uasset" 494
"../../../Engine/Content/Functions/Engine_MaterialFunctions01/Gradient/LinearGradient.uexp" 495
"../../../Engine/Content/Functions/Engine_MaterialFunctions01/ImageAdjustment/CheapContrast.uasset" 496
"../../../Engine/Content/Functions/Engine_MaterialFunctions01/ImageAdjustment/CheapContrast.uexp" 497
"D:/Unreal Project/Synergy/Content/LevelPrototyping/Materials/MF_ProcGrid.uasset" 498
"D:/Unreal Project/Synergy/Content/LevelPrototyping/Materials/MF_ProcGrid.uexp" 499
"D:/Unreal Project/Synergy/Content/LevelPrototyping/Materials/M_PrototypeGrid.uasset" 500
"D:/Unreal Project/Synergy/Content/LevelPrototyping/Materials/M_PrototypeGrid.uexp" 501
"D:/Unreal Project/Synergy/Content/LevelPrototyping/Materials/MI_PrototypeGrid_Gray.uasset" 502
"D:/Unreal Project/Synergy/Content/LevelPrototyping/Materials/MI_PrototypeGrid_Gray.uexp" 503
"D:/Unreal Project/Synergy/Content/LevelPrototyping/Meshes/SM_Ramp.uasset" 504
"D:/Unreal Project/Synergy/Content/LevelPrototyping/Meshes/SM_Ramp.uexp" 505
"D:/Unreal Project/Synergy/Content/LevelPrototyping/Meshes/SM_QuarterCylinder.uasset" 506
"D:/Unreal Project/Synergy/Content/LevelPrototyping/Meshes/SM_QuarterCylinder.uexp" 507
"D:/Unreal Project/Synergy/Content/LevelPrototyping/Meshes/SM_Cube.uasset" 508
"D:/Unreal Project/Synergy/Content/LevelPrototyping/Meshes/SM_Cube.uexp" 509
"D:/Unreal Project/Synergy/Content/LevelPrototyping/Materials/MI_PrototypeGrid_TopDark.uasset" 510
"D:/Unreal Project/Synergy/Content/LevelPrototyping/Materials/MI_PrototypeGrid_TopDark.uexp" 511
"D:/Unreal Project/Synergy/Content/BP/PlayerCharacter/Input/Actions/Build/IA_Build_Dimension.uasset" 512
"D:/Unreal Project/Synergy/Content/BP/PlayerCharacter/Input/Actions/Build/IA_Build_Dimension.uexp" 513
"D:/Unreal Project/Synergy/Content/BP/PlayerCharacter/Input/Actions/Build/IA_Rotate.uasset" 514
"D:/Unreal Project/Synergy/Content/BP/PlayerCharacter/Input/Actions/Build/IA_Rotate.uexp" 515
"D:/Unreal Project/Synergy/Content/BP/PlayerCharacter/Input/Actions/Build/IA_ConfirmBuild.uasset" 516
"D:/Unreal Project/Synergy/Content/BP/PlayerCharacter/Input/Actions/Build/IA_ConfirmBuild.uexp" 517
"D:/Unreal Project/Synergy/Content/BP/PlayerCharacter/Input/Actions/Build/IA_OpenBuildMenu.uasset" 518
"D:/Unreal Project/Synergy/Content/BP/PlayerCharacter/Input/Actions/Build/IA_OpenBuildMenu.uexp" 519
"D:/Unreal Project/Synergy/Content/BP/PlayerCharacter/Input/IMC_BuildAction.uasset" 520
"D:/Unreal Project/Synergy/Content/BP/PlayerCharacter/Input/IMC_BuildAction.uexp" 521
"D:/Unreal Project/Synergy/Content/FPWeapon/Mesh/SK_FPGun_Skeleton.uasset" 522
"D:/Unreal Project/Synergy/Content/FPWeapon/Mesh/SK_FPGun_Skeleton.uexp" 523
"D:/Unreal Project/Synergy/Content/FPWeapon/Materials/MaterialLayers/T_ML_Rubber_Blue_01_D.ubulk" 524
"D:/Unreal Project/Synergy/Content/FPWeapon/Materials/MaterialLayers/T_ML_Rubber_Blue_01_D.uasset" 525
"D:/Unreal Project/Synergy/Content/FPWeapon/Materials/MaterialLayers/T_ML_Rubber_Blue_01_D.uexp" 526
"D:/Unreal Project/Synergy/Content/FPWeapon/Textures/T_FPGun_N.ubulk" 527
"D:/Unreal Project/Synergy/Content/FPWeapon/Textures/T_FPGun_N.uasset" 528
"D:/Unreal Project/Synergy/Content/FPWeapon/Textures/T_FPGun_N.uexp" 529
"../../../Engine/Content/Functions/Engine_MaterialFunctions02/Utility/BlendAngleCorrectedNormals.uasset" 530
"../../../Engine/Content/Functions/Engine_MaterialFunctions02/Utility/BlendAngleCorrectedNormals.uexp" 531
"../../../Engine/Content/Functions/MaterialLayerFunctions/MatLayerBlend_NormalBlend.uasset" 532
"../../../Engine/Content/Functions/MaterialLayerFunctions/MatLayerBlend_NormalBlend.uexp" 533
"D:/Unreal Project/Synergy/Content/FPWeapon/Materials/MaterialLayers/T_ML_Rubber_Blue_01_N.ubulk" 534
"D:/Unreal Project/Synergy/Content/FPWeapon/Materials/MaterialLayers/T_ML_Rubber_Blue_01_N.uasset" 535
"D:/Unreal Project/Synergy/Content/FPWeapon/Materials/MaterialLayers/T_ML_Rubber_Blue_01_N.uexp" 536
"D:/Unreal Project/Synergy/Content/FPWeapon/Materials/MaterialLayers/ML_Screen.uasset" 537
"D:/Unreal Project/Synergy/Content/FPWeapon/Materials/MaterialLayers/ML_Screen.uexp" 538
"D:/Unreal Project/Synergy/Content/FPWeapon/Materials/MaterialLayers/T_ML_Aluminum01_N.ubulk" 539
"D:/Unreal Project/Synergy/Content/FPWeapon/Materials/MaterialLayers/T_ML_Aluminum01_N.uasset" 540
"D:/Unreal Project/Synergy/Content/FPWeapon/Materials/MaterialLayers/T_ML_Aluminum01_N.uexp" 541
"D:/Unreal Project/Synergy/Content/FPWeapon/Materials/MaterialLayers/T_ML_Aluminum01.ubulk" 542
"D:/Unreal Project/Synergy/Content/FPWeapon/Materials/MaterialLayers/T_ML_Aluminum01.uasset" 543
"D:/Unreal Project/Synergy/Content/FPWeapon/Materials/MaterialLayers/T_ML_Aluminum01.uexp" 544
"D:/Unreal Project/Synergy/Content/FPWeapon/Materials/MaterialLayers/ML_SoftMetal_UE4.uasset" 545
"D:/Unreal Project/Synergy/Content/FPWeapon/Materials/MaterialLayers/ML_SoftMetal_UE4.uexp" 546
"../../../Engine/Content/Functions/MaterialLayerFunctions/MatLayerBlend_Simple.uasset" 547
"../../../Engine/Content/Functions/MaterialLayerFunctions/MatLayerBlend_Simple.uexp" 548
"D:/Unreal Project/Synergy/Content/FPWeapon/Textures/T_FPGun_M.ubulk" 549
"D:/Unreal Project/Synergy/Content/FPWeapon/Textures/T_FPGun_M.uasset" 550
"D:/Unreal Project/Synergy/Content/FPWeapon/Textures/T_FPGun_M.uexp" 551
"D:/Unreal Project/Synergy/Content/FPWeapon/Materials/MaterialLayers/ML_Plastic_Shiny_Beige.uasset" 552
"D:/Unreal Project/Synergy/Content/FPWeapon/Materials/MaterialLayers/ML_Plastic_Shiny_Beige.uexp" 553
"D:/Unreal Project/Synergy/Content/FPWeapon/Materials/MaterialLayers/ML_GlossyBlack_Latex_UE4.uasset" 554
"D:/Unreal Project/Synergy/Content/FPWeapon/Materials/MaterialLayers/ML_GlossyBlack_Latex_UE4.uexp" 555
"D:/Unreal Project/Synergy/Content/FPWeapon/Materials/M_FPGun.uasset" 556
"D:/Unreal Project/Synergy/Content/FPWeapon/Materials/M_FPGun.uexp" 557
"D:/Unreal Project/Synergy/Content/FPWeapon/Mesh/SK_FPGun_Physics.uasset" 558
"D:/Unreal Project/Synergy/Content/FPWeapon/Mesh/SK_FPGun_Physics.uexp" 559
"D:/Unreal Project/Synergy/Content/FPWeapon/Mesh/SK_FPGun.uasset" 560
"D:/Unreal Project/Synergy/Content/FPWeapon/Mesh/SK_FPGun.uexp" 561
"D:/Unreal Project/Synergy/Content/FPWeapon/Audio/FirstPersonTemplateWeaponFire02.ubulk" 562
"D:/Unreal Project/Synergy/Content/FPWeapon/Audio/FirstPersonTemplateWeaponFire02.uasset" 563
"D:/Unreal Project/Synergy/Content/FPWeapon/Audio/FirstPersonTemplateWeaponFire02.uexp" 564
"D:/Unreal Project/Synergy/Content/FPWeapon/Materials/BaseMaterial.uasset" 565
"D:/Unreal Project/Synergy/Content/FPWeapon/Materials/BaseMaterial.uexp" 566
"D:/Unreal Project/Synergy/Content/FPWeapon/Materials/FirstPersonProjectileMaterial.uasset" 567
"D:/Unreal Project/Synergy/Content/FPWeapon/Materials/FirstPersonProjectileMaterial.uexp" 568
"D:/Unreal Project/Synergy/Content/FPWeapon/Mesh/FirstPersonProjectileMesh.uasset" 569
"D:/Unreal Project/Synergy/Content/FPWeapon/Mesh/FirstPersonProjectileMesh.uexp" 570
"D:/Unreal Project/Synergy/Content/FirstPerson/Blueprints/BP_FirstPersonProjectile.uasset" 571
"D:/Unreal Project/Synergy/Content/FirstPerson/Blueprints/BP_FirstPersonProjectile.uexp" 572
"../../../Engine/Content/Animation/DefaultAnimCurveCompressionSettings.uasset" 573
"../../../Engine/Content/Animation/DefaultAnimCurveCompressionSettings.uexp" 574
"../../../Engine/Content/Animation/DefaultAnimBoneCompressionSettings.uasset" 575
"../../../Engine/Content/Animation/DefaultAnimBoneCompressionSettings.uexp" 576
"D:/Unreal Project/Synergy/Content/FirstPersonArms/Character/Mesh/SK_Mannequin_Arms_Skeleton.uasset" 577
"D:/Unreal Project/Synergy/Content/FirstPersonArms/Character/Mesh/SK_Mannequin_Arms_Skeleton.uexp" 578
"D:/Unreal Project/Synergy/Content/FirstPersonArms/Animations/FP_Rifle_Fire.uasset" 579
"D:/Unreal Project/Synergy/Content/FirstPersonArms/Animations/FP_Rifle_Fire.uexp" 580
"D:/Unreal Project/Synergy/Content/FirstPersonArms/Animations/FP_Rifle_Shoot_Montage.uasset" 581
"D:/Unreal Project/Synergy/Content/FirstPersonArms/Animations/FP_Rifle_Shoot_Montage.uexp" 582
"../../../Engine/Content/EditorBlueprintResources/StandardMacros.uasset" 583
"../../../Engine/Content/EditorBlueprintResources/StandardMacros.uexp" 584
"D:/Unreal Project/Synergy/Content/BP/PlayerCharacter/Input/Actions/Default/IA_Jump.uasset" 585
"D:/Unreal Project/Synergy/Content/BP/PlayerCharacter/Input/Actions/Default/IA_Jump.uexp" 586
"D:/Unreal Project/Synergy/Content/BP/PlayerCharacter/Input/Actions/Default/IA_Move.uasset" 587
"D:/Unreal Project/Synergy/Content/BP/PlayerCharacter/Input/Actions/Default/IA_Move.uexp" 588
"D:/Unreal Project/Synergy/Content/BP/PlayerCharacter/Input/Actions/Default/IA_Look.uasset" 589
"D:/Unreal Project/Synergy/Content/BP/PlayerCharacter/Input/Actions/Default/IA_Look.uexp" 590
"D:/Unreal Project/Synergy/Content/BP/PlayerCharacter/Input/Actions/Default/IA_Interact.uasset" 591
"D:/Unreal Project/Synergy/Content/BP/PlayerCharacter/Input/Actions/Default/IA_Interact.uexp" 592
"D:/Unreal Project/Synergy/Content/BP/PlayerCharacter/Input/IMC_Default.uasset" 593
"D:/Unreal Project/Synergy/Content/BP/PlayerCharacter/Input/IMC_Default.uexp" 594
"D:/Unreal Project/Synergy/Content/FirstPersonArms/Character/Materials/MaterialLayers/T_ML_Rubber_Blue_01_N.ubulk" 595
"D:/Unreal Project/Synergy/Content/FirstPersonArms/Character/Materials/MaterialLayers/T_ML_Rubber_Blue_01_N.uasset" 596
"D:/Unreal Project/Synergy/Content/FirstPersonArms/Character/Materials/MaterialLayers/T_ML_Rubber_Blue_01_N.uexp" 597
"D:/Unreal Project/Synergy/Content/FirstPersonArms/Character/Materials/MaterialLayers/T_ML_Rubber_Blue_01_D.ubulk" 598
"D:/Unreal Project/Synergy/Content/FirstPersonArms/Character/Materials/MaterialLayers/T_ML_Rubber_Blue_01_D.uasset" 599
"D:/Unreal Project/Synergy/Content/FirstPersonArms/Character/Materials/MaterialLayers/T_ML_Rubber_Blue_01_D.uexp" 600
"D:/Unreal Project/Synergy/Content/FirstPersonArms/Character/Materials/MaterialLayers/ML_GlossyBlack_Latex_UE4.uasset" 601
"D:/Unreal Project/Synergy/Content/FirstPersonArms/Character/Materials/MaterialLayers/ML_GlossyBlack_Latex_UE4.uexp" 602
"D:/Unreal Project/Synergy/Content/FirstPersonArms/Character/Textures/UE4_Mannequin_MAT_MASKA.ubulk" 603
"D:/Unreal Project/Synergy/Content/FirstPersonArms/Character/Textures/UE4_Mannequin_MAT_MASKA.uasset" 604
"D:/Unreal Project/Synergy/Content/FirstPersonArms/Character/Textures/UE4_Mannequin_MAT_MASKA.uexp" 605
"D:/Unreal Project/Synergy/Content/FirstPersonArms/Character/Textures/UE4_LOGO_CARD.ubulk" 606
"D:/Unreal Project/Synergy/Content/FirstPersonArms/Character/Textures/UE4_LOGO_CARD.uasset" 607
"D:/Unreal Project/Synergy/Content/FirstPersonArms/Character/Textures/UE4_LOGO_CARD.uexp" 608
"D:/Unreal Project/Synergy/Content/FirstPersonArms/Character/Materials/MaterialLayers/ML_Plastic_Shiny_Beige_LOGO.uasset" 609
"D:/Unreal Project/Synergy/Content/FirstPersonArms/Character/Materials/MaterialLayers/ML_Plastic_Shiny_Beige_LOGO.uexp" 610
"D:/Unreal Project/Synergy/Content/FirstPersonArms/Character/Materials/MaterialLayers/T_ML_Aluminum01.ubulk" 611
"D:/Unreal Project/Synergy/Content/FirstPersonArms/Character/Materials/MaterialLayers/T_ML_Aluminum01.uasset" 612
"D:/Unreal Project/Synergy/Content/FirstPersonArms/Character/Materials/MaterialLayers/T_ML_Aluminum01.uexp" 613
"D:/Unreal Project/Synergy/Content/FirstPersonArms/Character/Materials/MaterialLayers/T_ML_Aluminum01_N.ubulk" 614
"D:/Unreal Project/Synergy/Content/FirstPersonArms/Character/Materials/MaterialLayers/T_ML_Aluminum01_N.uasset" 615
"D:/Unreal Project/Synergy/Content/FirstPersonArms/Character/Materials/MaterialLayers/T_ML_Aluminum01_N.uexp" 616
"D:/Unreal Project/Synergy/Content/FirstPersonArms/Character/Materials/MaterialLayers/ML_SoftMetal_UE4.uasset" 617
"D:/Unreal Project/Synergy/Content/FirstPersonArms/Character/Materials/MaterialLayers/ML_SoftMetal_UE4.uexp" 618
"D:/Unreal Project/Synergy/Content/FirstPersonArms/Character/Materials/MaterialLayers/ML_Plastic_Shiny_Beige.uasset" 619
"D:/Unreal Project/Synergy/Content/FirstPersonArms/Character/Materials/MaterialLayers/ML_Plastic_Shiny_Beige.uexp" 620
"D:/Unreal Project/Synergy/Content/FirstPersonArms/Character/Textures/UE4_Mannequin__normals.ubulk" 621
"D:/Unreal Project/Synergy/Content/FirstPersonArms/Character/Textures/UE4_Mannequin__normals.uasset" 622
"D:/Unreal Project/Synergy/Content/FirstPersonArms/Character/Textures/UE4_Mannequin__normals.uexp" 623
"D:/Unreal Project/Synergy/Content/FirstPersonArms/Character/Materials/M_UE4Man_Body.uasset" 624
"D:/Unreal Project/Synergy/Content/FirstPersonArms/Character/Materials/M_UE4Man_Body.uexp" 625
"D:/Unreal Project/Synergy/Content/FirstPersonArms/Character/Mesh/SK_Mannequin_Arms_PhysicsAsset.uasset" 626
"D:/Unreal Project/Synergy/Content/FirstPersonArms/Character/Mesh/SK_Mannequin_Arms_PhysicsAsset.uexp" 627
"D:/Unreal Project/Synergy/Content/FirstPersonArms/Character/Mesh/SK_Mannequin_Arms.uasset" 628
"D:/Unreal Project/Synergy/Content/FirstPersonArms/Character/Mesh/SK_Mannequin_Arms.uexp" 629
"D:/Unreal Project/Synergy/Content/FirstPersonArms/Animations/FP_Rifle_Idle.uasset" 630
"D:/Unreal Project/Synergy/Content/FirstPersonArms/Animations/FP_Rifle_Idle.uexp" 631
"D:/Unreal Project/Synergy/Content/FirstPersonArms/Animations/FP_Rifle_Land.uasset" 632
"D:/Unreal Project/Synergy/Content/FirstPersonArms/Animations/FP_Rifle_Land.uexp" 633
"D:/Unreal Project/Synergy/Content/FirstPersonArms/Animations/FP_Rifle_Run.uasset" 634
"D:/Unreal Project/Synergy/Content/FirstPersonArms/Animations/FP_Rifle_Run.uexp" 635
"D:/Unreal Project/Synergy/Content/FirstPersonArms/Animations/FP_Rifle_Falling.uasset" 636
"D:/Unreal Project/Synergy/Content/FirstPersonArms/Animations/FP_Rifle_Falling.uexp" 637
"../../../Engine/Content/Animation/DefaultRecorderBoneCompression.uasset" 638
"../../../Engine/Content/Animation/DefaultRecorderBoneCompression.uexp" 639
"D:/Unreal Project/Synergy/Content/FirstPersonArms/Animations/FP_Idle.uasset" 640
"D:/Unreal Project/Synergy/Content/FirstPersonArms/Animations/FP_Idle.uexp" 641
"D:/Unreal Project/Synergy/Content/FirstPersonArms/Animations/FP_Jump.uasset" 642
"D:/Unreal Project/Synergy/Content/FirstPersonArms/Animations/FP_Jump.uexp" 643
"D:/Unreal Project/Synergy/Content/FirstPersonArms/Animations/FP_Run_Fwd.uasset" 644
"D:/Unreal Project/Synergy/Content/FirstPersonArms/Animations/FP_Run_Fwd.uexp" 645
"D:/Unreal Project/Synergy/Content/FirstPersonArms/Animations/FP_Land.uasset" 646
"D:/Unreal Project/Synergy/Content/FirstPersonArms/Animations/FP_Land.uexp" 647
"D:/Unreal Project/Synergy/Content/FirstPersonArms/Animations/FP_Falling.uasset" 648
"D:/Unreal Project/Synergy/Content/FirstPersonArms/Animations/FP_Falling.uexp" 649
"D:/Unreal Project/Synergy/Content/FirstPersonArms/Animations/FP_Rifle_Jump.uasset" 650
"D:/Unreal Project/Synergy/Content/FirstPersonArms/Animations/FP_Rifle_Jump.uexp" 651
"D:/Unreal Project/Synergy/Content/FirstPersonArms/Animations/FirstPerson_AnimBP.uasset" 652
"D:/Unreal Project/Synergy/Content/FirstPersonArms/Animations/FirstPerson_AnimBP.uexp" 653
"D:/Unreal Project/Synergy/Content/FirstPerson/Blueprints/BP_FirstPersonCharacter.uasset" 654
"D:/Unreal Project/Synergy/Content/FirstPerson/Blueprints/BP_FirstPersonCharacter.uexp" 655
"D:/Unreal Project/Synergy/Content/FirstPerson/Blueprints/BP_Weapon_Component.uasset" 656
"D:/Unreal Project/Synergy/Content/FirstPerson/Blueprints/BP_Weapon_Component.uexp" 657
"D:/Unreal Project/Synergy/Content/FirstPerson/Blueprints/BP_Pickup_Rifle.uasset" 658
"D:/Unreal Project/Synergy/Content/FirstPerson/Blueprints/BP_Pickup_Rifle.uexp" 659
"D:/Unreal Project/Synergy/Content/BP/Interface/BPI_Interact.uasset" 660
"D:/Unreal Project/Synergy/Content/BP/Interface/BPI_Interact.uexp" 661
"D:/Unreal Project/Synergy/Content/BP/Enum/EXYZ.uasset" 662
"D:/Unreal Project/Synergy/Content/BP/Enum/EXYZ.uexp" 663
"D:/Unreal Project/Synergy/Content/Material/M_Sphere.uasset" 664
"D:/Unreal Project/Synergy/Content/Material/M_Sphere.uexp" 665
"D:/Unreal Project/Synergy/Content/BP/PlayerCharacter/UI/W_Build.uasset" 666
"D:/Unreal Project/Synergy/Content/BP/PlayerCharacter/UI/W_Build.uexp" 667
"D:/Unreal Project/Synergy/Content/BP/PlayerCharacter/UI/W_BuildMenu.uasset" 668
"D:/Unreal Project/Synergy/Content/BP/PlayerCharacter/UI/W_BuildMenu.uexp" 669
"D:/Unreal Project/Synergy/Content/BP/PlayerCharacter/UI/W_Hud.uasset" 670
"D:/Unreal Project/Synergy/Content/BP/PlayerCharacter/UI/W_Hud.uexp" 671
"D:/Unreal Project/Synergy/Content/BP/Enum/EBuildingMode.uasset" 672
"D:/Unreal Project/Synergy/Content/BP/Enum/EBuildingMode.uexp" 673
"../../../Engine/Content/BasicShapes/Cube.uasset" 674
"../../../Engine/Content/BasicShapes/Cube.uexp" 675
"D:/Unreal Project/Synergy/Content/Material/Hologram.uasset" 676
"D:/Unreal Project/Synergy/Content/Material/Hologram.uexp" 677
"D:/Unreal Project/Synergy/Content/Material/IllegalHologram.uasset" 678
"D:/Unreal Project/Synergy/Content/Material/IllegalHologram.uexp" 679
"D:/Unreal Project/Synergy/Content/Material/InAirHologram.uasset" 680
"D:/Unreal Project/Synergy/Content/Material/InAirHologram.uexp" 681
"D:/Unreal Project/Synergy/Content/BP/Building_System/PlaceableBlock.uasset" 682
"D:/Unreal Project/Synergy/Content/BP/Building_System/PlaceableBlock.uexp" 683
"D:/Unreal Project/Synergy/Content/BP/PlayerCharacter/BP_PlayerCharacter.uasset" 684
"D:/Unreal Project/Synergy/Content/BP/PlayerCharacter/BP_PlayerCharacter.uexp" 685
"D:/Unreal Project/Synergy/Content/BP/PlayerCharacter/BP_PlayerController.uasset" 686
"D:/Unreal Project/Synergy/Content/BP/PlayerCharacter/BP_PlayerController.uexp" 687
"D:/Unreal Project/Synergy/Content/BP/PlayerCharacter/BP_PlayerGamemode.uasset" 688
"D:/Unreal Project/Synergy/Content/BP/PlayerCharacter/BP_PlayerGamemode.uexp" 689
"D:/Unreal Project/Synergy/Content/LevelPrototyping/Materials/M_Solid.uasset" 690
"D:/Unreal Project/Synergy/Content/LevelPrototyping/Materials/M_Solid.uexp" 691
"D:/Unreal Project/Synergy/Content/LevelPrototyping/Materials/MI_Solid_Blue.uasset" 692
"D:/Unreal Project/Synergy/Content/LevelPrototyping/Materials/MI_Solid_Blue.uexp" 693
"D:/Unreal Project/Synergy/Content/LevelPrototyping/Meshes/SM_ChamferCube.uasset" 694
"D:/Unreal Project/Synergy/Content/LevelPrototyping/Meshes/SM_ChamferCube.uexp" 695
"D:/Unreal Project/Synergy/Content/BP/Building_System/LongChamferCube.uasset" 696
"D:/Unreal Project/Synergy/Content/BP/Building_System/LongChamferCube.uexp" 697
"D:/Unreal Project/Synergy/Content/BP/Building_System/ChamferCube.uasset" 698
"D:/Unreal Project/Synergy/Content/BP/Building_System/ChamferCube.uexp" 699
"../../../Engine/Plugins/Runtime/MeshModelingToolset/Content/Materials/M_DynamicMeshComponentVtxColor.uasset" 700
"../../../Engine/Plugins/Runtime/MeshModelingToolset/Content/Materials/M_DynamicMeshComponentVtxColor.uexp" 701
"../../../Engine/Plugins/Interchange/Runtime/Content/Pipelines/DefaultTexturePipeline.uasset" 702
"../../../Engine/Plugins/Interchange/Runtime/Content/Pipelines/DefaultTexturePipeline.uexp" 703
"../../../Engine/Plugins/Interchange/Runtime/Content/Pipelines/DefaultSceneLevelPipeline.uasset" 704
"../../../Engine/Plugins/Interchange/Runtime/Content/Pipelines/DefaultSceneLevelPipeline.uexp" 705
"../../../Engine/Plugins/Interchange/Runtime/Content/Pipelines/DefaultSceneAssetsPipeline.uasset" 706
"../../../Engine/Plugins/Interchange/Runtime/Content/Pipelines/DefaultSceneAssetsPipeline.uexp" 707
"../../../Engine/Plugins/Interchange/Runtime/Content/Pipelines/DefaultMaterialPipeline.uasset" 708
"../../../Engine/Plugins/Interchange/Runtime/Content/Pipelines/DefaultMaterialPipeline.uexp" 709
"../../../Engine/Plugins/Interchange/Runtime/Content/Pipelines/DefaultAssetsPipeline.uasset" 710
"../../../Engine/Plugins/Interchange/Runtime/Content/Pipelines/DefaultAssetsPipeline.uexp" 711
"../../../Engine/Plugins/Interchange/Runtime/Content/Materials/UnlitMaterial.uasset" 712
"../../../Engine/Plugins/Interchange/Runtime/Content/Materials/UnlitMaterial.uexp" 713
"../../../Engine/Content/EngineMaterials/DefaultNormal.ubulk" 714
"../../../Engine/Content/EngineMaterials/DefaultNormal.uasset" 715
"../../../Engine/Content/EngineMaterials/DefaultNormal.uexp" 716
"../../../Engine/Plugins/Interchange/Runtime/Content/Materials/MapOrScalarFunction.uasset" 717
"../../../Engine/Plugins/Interchange/Runtime/Content/Materials/MapOrScalarFunction.uexp" 718
"../../../Engine/Plugins/Interchange/Runtime/Content/Materials/MapOrLinearColorFunction.uasset" 719
"../../../Engine/Plugins/Interchange/Runtime/Content/Materials/MapOrLinearColorFunction.uexp" 720
"../../../Engine/Plugins/Interchange/Runtime/Content/Materials/MapOrColorFunction.uasset" 721
"../../../Engine/Plugins/Interchange/Runtime/Content/Materials/MapOrColorFunction.uexp" 722
"../../../Engine/Plugins/Interchange/Runtime/Content/Materials/CommonMaterial.uasset" 723
"../../../Engine/Plugins/Interchange/Runtime/Content/Materials/CommonMaterial.uexp" 724
"../../../Engine/Plugins/Interchange/Runtime/Content/Materials/PBRSurfaceFunction.uasset" 725
"../../../Engine/Plugins/Interchange/Runtime/Content/Materials/PBRSurfaceFunction.uexp" 726
"../../../Engine/Plugins/Interchange/Runtime/Content/Materials/ThinTranslucentMaterial.uasset" 727
"../../../Engine/Plugins/Interchange/Runtime/Content/Materials/ThinTranslucentMaterial.uexp" 728
"../../../Engine/Plugins/Interchange/Runtime/Content/Materials/SubsurfaceMaterial.uasset" 729
"../../../Engine/Plugins/Interchange/Runtime/Content/Materials/SubsurfaceMaterial.uexp" 730
"../../../Engine/Plugins/Interchange/Runtime/Content/Materials/SheenMaterial.uasset" 731
"../../../Engine/Plugins/Interchange/Runtime/Content/Materials/SheenMaterial.uexp" 732
"../../../Engine/Content/Functions/Engine_MaterialFunctions01/Shading/ConvertFromDiffSpec.uasset" 733
"../../../Engine/Content/Functions/Engine_MaterialFunctions01/Shading/ConvertFromDiffSpec.uexp" 734
"../../../Engine/Plugins/Interchange/Runtime/Content/Materials/PhongSurfaceMaterial.uasset" 735
"../../../Engine/Plugins/Interchange/Runtime/Content/Materials/PhongSurfaceMaterial.uexp" 736
"../../../Engine/Plugins/Interchange/Runtime/Content/Materials/PBRSurfaceMaterial.uasset" 737
"../../../Engine/Plugins/Interchange/Runtime/Content/Materials/PBRSurfaceMaterial.uexp" 738
"../../../Engine/Content/EngineMaterials/FlatNormal.uasset" 739
"../../../Engine/Content/EngineMaterials/FlatNormal.uexp" 740
"../../../Engine/Plugins/Interchange/Runtime/Content/Functions/MF_OrenNayerView.uasset" 741
"../../../Engine/Plugins/Interchange/Runtime/Content/Functions/MF_OrenNayerView.uexp" 742
"../../../Engine/Content/EditorLandscapeResources/WhiteSquareTexture.uasset" 743
"../../../Engine/Content/EditorLandscapeResources/WhiteSquareTexture.uexp" 744
"../../../Engine/Plugins/Interchange/Runtime/Content/Functions/MF_SchlickApprox.uasset" 745
"../../../Engine/Plugins/Interchange/Runtime/Content/Functions/MF_SchlickApprox.uexp" 746
"../../../Engine/Plugins/Interchange/Runtime/Content/Utilities/New_LUT.uasset" 747
"../../../Engine/Plugins/Interchange/Runtime/Content/Utilities/New_LUT.uexp" 748
"../../../Engine/Content/Functions/Engine_MaterialFunctions03/Math/RemapValueRange.uasset" 749
"../../../Engine/Content/Functions/Engine_MaterialFunctions03/Math/RemapValueRange.uexp" 750
"../../../Engine/Plugins/Interchange/Runtime/Content/Functions/MF_Iridescence.uasset" 751
"../../../Engine/Plugins/Interchange/Runtime/Content/Functions/MF_Iridescence.uexp" 752
"../../../Engine/Plugins/Interchange/Runtime/Content/Materials/OrenNayerMaterial.uasset" 753
"../../../Engine/Plugins/Interchange/Runtime/Content/Materials/OrenNayerMaterial.uexp" 754
"../../../Engine/Plugins/Interchange/Runtime/Content/Materials/LambertSurfaceMaterial.uasset" 755
"../../../Engine/Plugins/Interchange/Runtime/Content/Materials/LambertSurfaceMaterial.uexp" 756
"../../../Engine/Plugins/Interchange/Runtime/Content/Materials/ClearCoatMaterial.uasset" 757
"../../../Engine/Plugins/Interchange/Runtime/Content/Materials/ClearCoatMaterial.uexp" 758
"../../../Engine/Plugins/Interchange/Runtime/Content/gltf/Textures/T_Gray_Linear.uasset" 759
"../../../Engine/Plugins/Interchange/Runtime/Content/gltf/Textures/T_Gray_Linear.uexp" 760
"../../../Engine/Plugins/Interchange/Runtime/Content/gltf/Textures/T_Black_srgb.uasset" 761
"../../../Engine/Plugins/Interchange/Runtime/Content/gltf/Textures/T_Black_srgb.uexp" 762
"../../../Engine/Plugins/Interchange/Runtime/Content/gltf/MaterialFunctions/MF_RotateV2.uasset" 763
"../../../Engine/Plugins/Interchange/Runtime/Content/gltf/MaterialFunctions/MF_RotateV2.uexp" 764
"../../../Engine/Plugins/Interchange/Runtime/Content/gltf/MaterialFunctions/MF_TransformUVs.uasset" 765
"../../../Engine/Plugins/Interchange/Runtime/Content/gltf/MaterialFunctions/MF_TransformUVs.uexp" 766
"../../../Engine/Plugins/Interchange/Runtime/Content/gltf/Textures/T_White_srgb.uasset" 767
"../../../Engine/Plugins/Interchange/Runtime/Content/gltf/Textures/T_White_srgb.uexp" 768
"../../../Engine/Plugins/Interchange/Runtime/Content/gltf/MaterialFunctions/MF_BaseColor.uasset" 769
"../../../Engine/Plugins/Interchange/Runtime/Content/gltf/MaterialFunctions/MF_BaseColor.uexp" 770
"../../../Engine/Plugins/Interchange/Runtime/Content/gltf/MaterialFunctions/MF_DiffuseSpecGloss.uasset" 771
"../../../Engine/Plugins/Interchange/Runtime/Content/gltf/MaterialFunctions/MF_DiffuseSpecGloss.uexp" 772
"../../../Engine/Plugins/Interchange/Runtime/Content/gltf/Textures/T_White_Linear.uasset" 773
"../../../Engine/Plugins/Interchange/Runtime/Content/gltf/Textures/T_White_Linear.uexp" 774
"../../../Engine/Plugins/Interchange/Runtime/Content/gltf/MaterialFunctions/MF_MetallicRoughness.uasset" 775
"../../../Engine/Plugins/Interchange/Runtime/Content/gltf/MaterialFunctions/MF_MetallicRoughness.uexp" 776
"../../../Engine/Plugins/Interchange/Runtime/Content/gltf/MaterialFunctions/MF_Transmission.uasset" 777
"../../../Engine/Plugins/Interchange/Runtime/Content/gltf/MaterialFunctions/MF_Transmission.uexp" 778
"../../../Engine/Plugins/Interchange/Runtime/Content/gltf/MaterialFunctions/MF_Occlusion.uasset" 779
"../../../Engine/Plugins/Interchange/Runtime/Content/gltf/MaterialFunctions/MF_Occlusion.uexp" 780
"../../../Engine/Content/Functions/Engine_MaterialFunctions02/Texturing/CustomRotator.uasset" 781
"../../../Engine/Content/Functions/Engine_MaterialFunctions02/Texturing/CustomRotator.uexp" 782
"../../../Engine/Content/Functions/Engine_MaterialFunctions02/Texturing/ScreenAlignedPixelToPixelUVs.uasset" 783
"../../../Engine/Content/Functions/Engine_MaterialFunctions02/Texturing/ScreenAlignedPixelToPixelUVs.uexp" 784
"../../../Engine/Plugins/Interchange/Runtime/Content/Utilities/T_Bayer64_Grayscale_64px.uasset" 785
"../../../Engine/Plugins/Interchange/Runtime/Content/Utilities/T_Bayer64_Grayscale_64px.uexp" 786
"../../../Engine/Plugins/Interchange/Runtime/Content/gltf/MaterialFunctions/MF_Temporal_Blur.uasset" 787
"../../../Engine/Plugins/Interchange/Runtime/Content/gltf/MaterialFunctions/MF_Temporal_Blur.uexp" 788
"../../../Engine/Plugins/Interchange/Runtime/Content/gltf/MaterialFunctions/MF_Specular.uasset" 789
"../../../Engine/Plugins/Interchange/Runtime/Content/gltf/MaterialFunctions/MF_Specular.uexp" 790
"../../../Engine/Plugins/Interchange/Runtime/Content/gltf/MaterialFunctions/MF_IOR.uasset" 791
"../../../Engine/Plugins/Interchange/Runtime/Content/gltf/MaterialFunctions/MF_IOR.uexp" 792
"../../../Engine/Plugins/Interchange/Runtime/Content/gltf/MaterialFunctions/MF_Fresnel_DS.uasset" 793
"../../../Engine/Plugins/Interchange/Runtime/Content/gltf/MaterialFunctions/MF_Fresnel_DS.uexp" 794
"../../../Engine/Content/Functions/Engine_MaterialFunctions01/Texturing/FlattenNormal.uasset" 795
"../../../Engine/Content/Functions/Engine_MaterialFunctions01/Texturing/FlattenNormal.uexp" 796
"../../../Engine/Content/Functions/Engine_MaterialFunctions02/Math/Transform3x3Matrix.uasset" 797
"../../../Engine/Content/Functions/Engine_MaterialFunctions02/Math/Transform3x3Matrix.uexp" 798
"../../../Engine/Plugins/Interchange/Runtime/Content/gltf/MaterialFunctions/MF_RotateNormals_TS.uasset" 799
"../../../Engine/Plugins/Interchange/Runtime/Content/gltf/MaterialFunctions/MF_RotateNormals_TS.uexp" 800
"../../../Engine/Plugins/Interchange/Runtime/Content/gltf/Textures/T_Generic_N.uasset" 801
"../../../Engine/Plugins/Interchange/Runtime/Content/gltf/Textures/T_Generic_N.uexp" 802
"../../../Engine/Plugins/Interchange/Runtime/Content/gltf/MaterialFunctions/MF_Normals.uasset" 803
"../../../Engine/Plugins/Interchange/Runtime/Content/gltf/MaterialFunctions/MF_Normals.uexp" 804
"../../../Engine/Content/Functions/Engine_MaterialFunctions02/Math/AddComponents.uasset" 805
"../../../Engine/Content/Functions/Engine_MaterialFunctions02/Math/AddComponents.uexp" 806
"../../../Engine/Plugins/Interchange/Runtime/Content/gltf/MaterialFunctions/MF_PerceivedBrightness.uasset" 807
"../../../Engine/Plugins/Interchange/Runtime/Content/gltf/MaterialFunctions/MF_PerceivedBrightness.uexp" 808
"../../../Engine/Plugins/Interchange/Runtime/Content/gltf/MaterialFunctions/MF_SpecGlossToMetalRoughness.uasset" 809
"../../../Engine/Plugins/Interchange/Runtime/Content/gltf/MaterialFunctions/MF_SpecGlossToMetalRoughness.uexp" 810
"../../../Engine/Plugins/Interchange/Runtime/Content/gltf/M_Transmission.uasset" 811
"../../../Engine/Plugins/Interchange/Runtime/Content/gltf/M_Transmission.uexp" 812
"../../../Engine/Plugins/Interchange/Runtime/Content/gltf/MaterialInstances_SG/MI_Transmission_TS.uasset" 813
"../../../Engine/Plugins/Interchange/Runtime/Content/gltf/MaterialInstances_SG/MI_Transmission_TS.uexp" 814
"../../../Engine/Plugins/Interchange/Runtime/Content/gltf/MaterialInstances_SG/MI_Transmission.uasset" 815
"../../../Engine/Plugins/Interchange/Runtime/Content/gltf/MaterialInstances_SG/MI_Transmission.uexp" 816
"../../../Engine/Plugins/Interchange/Runtime/Content/gltf/MaterialFunctions/MF_Clearcoat.uasset" 817
"../../../Engine/Plugins/Interchange/Runtime/Content/gltf/MaterialFunctions/MF_Clearcoat.uexp" 818
"../../../Engine/Plugins/Interchange/Runtime/Content/gltf/MaterialFunctions/MF_Emissive.uasset" 819
"../../../Engine/Plugins/Interchange/Runtime/Content/gltf/MaterialFunctions/MF_Emissive.uexp" 820
"../../../Engine/Plugins/Interchange/Runtime/Content/gltf/M_Translucent.uasset" 821
"../../../Engine/Plugins/Interchange/Runtime/Content/gltf/M_Translucent.uexp" 822
"../../../Engine/Plugins/Interchange/Runtime/Content/gltf/MaterialInstances_SG/MI_Translucent_TS.uasset" 823
"../../../Engine/Plugins/Interchange/Runtime/Content/gltf/MaterialInstances_SG/MI_Translucent_TS.uexp" 824
"../../../Engine/Plugins/Interchange/Runtime/Content/gltf/MaterialInstances_SG/MI_Translucent_ClearCoat_TS.uasset" 825
"../../../Engine/Plugins/Interchange/Runtime/Content/gltf/MaterialInstances_SG/MI_Translucent_ClearCoat_TS.uexp" 826
"../../../Engine/Plugins/Interchange/Runtime/Content/gltf/MaterialInstances_SG/MI_Translucent_ClearCoat.uasset" 827
"../../../Engine/Plugins/Interchange/Runtime/Content/gltf/MaterialInstances_SG/MI_Translucent_ClearCoat.uexp" 828
"../../../Engine/Plugins/Interchange/Runtime/Content/gltf/MaterialInstances_SG/MI_Translucent.uasset" 829
"../../../Engine/Plugins/Interchange/Runtime/Content/gltf/MaterialInstances_SG/MI_Translucent.uexp" 830
"../../../Engine/Plugins/Interchange/Runtime/Content/gltf/M_Opaque.uasset" 831
"../../../Engine/Plugins/Interchange/Runtime/Content/gltf/M_Opaque.uexp" 832
"../../../Engine/Plugins/Interchange/Runtime/Content/gltf/MaterialInstances_SG/MI_Opaque_TS.uasset" 833
"../../../Engine/Plugins/Interchange/Runtime/Content/gltf/MaterialInstances_SG/MI_Opaque_TS.uexp" 834
"../../../Engine/Plugins/Interchange/Runtime/Content/gltf/MaterialFunctions/MF_Sheen.uasset" 835
"../../../Engine/Plugins/Interchange/Runtime/Content/gltf/MaterialFunctions/MF_Sheen.uexp" 836
"../../../Engine/Content/Functions/Engine_MaterialFunctions01/Shading/FuzzyShading.uasset" 837
"../../../Engine/Content/Functions/Engine_MaterialFunctions01/Shading/FuzzyShading.uexp" 838
"../../../Engine/Plugins/Interchange/Runtime/Content/gltf/M_Sheen.uasset" 839
"../../../Engine/Plugins/Interchange/Runtime/Content/gltf/M_Sheen.uexp" 840
"../../../Engine/Plugins/Interchange/Runtime/Content/gltf/MaterialInstances_SG/MI_Opaque_Sheen_TS.uasset" 841
"../../../Engine/Plugins/Interchange/Runtime/Content/gltf/MaterialInstances_SG/MI_Opaque_Sheen_TS.uexp" 842
"../../../Engine/Plugins/Interchange/Runtime/Content/gltf/MaterialInstances_SG/MI_Opaque_Sheen.uasset" 843
"../../../Engine/Plugins/Interchange/Runtime/Content/gltf/MaterialInstances_SG/MI_Opaque_Sheen.uexp" 844
"../../../Engine/Plugins/Interchange/Runtime/Content/gltf/MaterialInstances_SG/MI_Opaque_ClearCoat_TS.uasset" 845
"../../../Engine/Plugins/Interchange/Runtime/Content/gltf/MaterialInstances_SG/MI_Opaque_ClearCoat_TS.uexp" 846
"../../../Engine/Plugins/Interchange/Runtime/Content/gltf/MaterialInstances_SG/MI_Opaque_ClearCoat.uasset" 847
"../../../Engine/Plugins/Interchange/Runtime/Content/gltf/MaterialInstances_SG/MI_Opaque_ClearCoat.uexp" 848
"../../../Engine/Plugins/Interchange/Runtime/Content/gltf/MaterialInstances_SG/MI_Opaque.uasset" 849
"../../../Engine/Plugins/Interchange/Runtime/Content/gltf/MaterialInstances_SG/MI_Opaque.uexp" 850
"../../../Engine/Plugins/Interchange/Runtime/Content/gltf/MaterialInstances_MR/MI_Transmission_TS.uasset" 851
"../../../Engine/Plugins/Interchange/Runtime/Content/gltf/MaterialInstances_MR/MI_Transmission_TS.uexp" 852
"../../../Engine/Plugins/Interchange/Runtime/Content/gltf/MaterialInstances_MR/MI_Transmission.uasset" 853
"../../../Engine/Plugins/Interchange/Runtime/Content/gltf/MaterialInstances_MR/MI_Transmission.uexp" 854
"../../../Engine/Plugins/Interchange/Runtime/Content/gltf/MaterialInstances_MR/MI_Translucent_TS.uasset" 855
"../../../Engine/Plugins/Interchange/Runtime/Content/gltf/MaterialInstances_MR/MI_Translucent_TS.uexp" 856
"../../../Engine/Plugins/Interchange/Runtime/Content/gltf/MaterialInstances_MR/MI_Translucent_ClearCoat_TS.uasset" 857
"../../../Engine/Plugins/Interchange/Runtime/Content/gltf/MaterialInstances_MR/MI_Translucent_ClearCoat_TS.uexp" 858
"../../../Engine/Plugins/Interchange/Runtime/Content/gltf/MaterialInstances_MR/MI_Translucent_ClearCoat.uasset" 859
"../../../Engine/Plugins/Interchange/Runtime/Content/gltf/MaterialInstances_MR/MI_Translucent_ClearCoat.uexp" 860
"../../../Engine/Plugins/Interchange/Runtime/Content/gltf/MaterialInstances_MR/MI_Translucent.uasset" 861
"../../../Engine/Plugins/Interchange/Runtime/Content/gltf/MaterialInstances_MR/MI_Translucent.uexp" 862
"../../../Engine/Plugins/Interchange/Runtime/Content/gltf/M_Unlit.uasset" 863
"../../../Engine/Plugins/Interchange/Runtime/Content/gltf/M_Unlit.uexp" 864
"../../../Engine/Plugins/Interchange/Runtime/Content/gltf/MaterialInstances_MR/MI_Opaque_Unlit_TS.uasset" 865
"../../../Engine/Plugins/Interchange/Runtime/Content/gltf/MaterialInstances_MR/MI_Opaque_Unlit_TS.uexp" 866
"../../../Engine/Plugins/Interchange/Runtime/Content/gltf/MaterialInstances_MR/MI_Opaque_Unlit.uasset" 867
"../../../Engine/Plugins/Interchange/Runtime/Content/gltf/MaterialInstances_MR/MI_Opaque_Unlit.uexp" 868
"../../../Engine/Plugins/Interchange/Runtime/Content/gltf/MaterialInstances_MR/MI_Opaque_TS.uasset" 869
"../../../Engine/Plugins/Interchange/Runtime/Content/gltf/MaterialInstances_MR/MI_Opaque_TS.uexp" 870
"../../../Engine/Plugins/Interchange/Runtime/Content/gltf/MaterialInstances_MR/MI_Opaque_Sheen_TS.uasset" 871
"../../../Engine/Plugins/Interchange/Runtime/Content/gltf/MaterialInstances_MR/MI_Opaque_Sheen_TS.uexp" 872
"../../../Engine/Plugins/Interchange/Runtime/Content/gltf/MaterialInstances_MR/MI_Opaque_Sheen.uasset" 873
"../../../Engine/Plugins/Interchange/Runtime/Content/gltf/MaterialInstances_MR/MI_Opaque_Sheen.uexp" 874
"../../../Engine/Plugins/Interchange/Runtime/Content/gltf/MaterialInstances_MR/MI_Opaque_ClearCoat_TS.uasset" 875
"../../../Engine/Plugins/Interchange/Runtime/Content/gltf/MaterialInstances_MR/MI_Opaque_ClearCoat_TS.uexp" 876
"../../../Engine/Plugins/Interchange/Runtime/Content/gltf/MaterialInstances_MR/MI_Opaque_ClearCoat.uasset" 877
"../../../Engine/Plugins/Interchange/Runtime/Content/gltf/MaterialInstances_MR/MI_Opaque_ClearCoat.uexp" 878
"../../../Engine/Plugins/Interchange/Runtime/Content/gltf/MaterialInstances_MR/MI_Opaque.uasset" 879
"../../../Engine/Plugins/Interchange/Runtime/Content/gltf/MaterialInstances_MR/MI_Opaque.uexp" 880
"../../../Engine/Content/Functions/Engine_MaterialFunctions02/WorldPositionOffset/V2/ObjectScale.uasset" 881
"../../../Engine/Content/Functions/Engine_MaterialFunctions02/WorldPositionOffset/V2/ObjectScale.uexp" 882
"../../../Engine/Plugins/Interchange/Runtime/Content/gltf/MaterialFunctions/MF_TransmissionOpacity.uasset" 883
"../../../Engine/Plugins/Interchange/Runtime/Content/gltf/MaterialFunctions/MF_TransmissionOpacity.uexp" 884
"../../../Engine/Plugins/Interchange/Runtime/Content/Functions/MX_Transmission.uasset" 885
"../../../Engine/Plugins/Interchange/Runtime/Content/Functions/MX_Transmission.uexp" 886
"../../../Engine/Plugins/Interchange/Runtime/Content/Functions/MX_StandardSurface.uasset" 887
"../../../Engine/Plugins/Interchange/Runtime/Content/Functions/MX_StandardSurface.uexp" 888
"../../../Engine/Plugins/Interchange/Runtime/Content/Functions/MX_TransmissionSurface.uasset" 889
"../../../Engine/Plugins/Interchange/Runtime/Content/Functions/MX_TransmissionSurface.uexp" 890
"../../../Engine/Content/Maps/Entry_BuiltData.uasset" 891
"../../../Engine/Content/Maps/Entry_BuiltData.uexp" 892
"../../../Engine/Content/Maps/Entry.uexp" 893
"../../../Engine/Content/Maps/Entry.umap" 894
"../../../Engine/Content/Maps/Templates/HLODs/HLODLayer_Instanced.uasset" 895
"../../../Engine/Content/Maps/Templates/HLODs/HLODLayer_Instanced.uexp" 896
"D:/Unreal Project/Synergy/Content/FirstPerson/Maps/FirstPersonMap.uexp" 897
"D:/Unreal Project/Synergy/Content/FirstPerson/Maps/FirstPersonMap.umap" 898
"D:/Unreal Project/Synergy/Content/FirstPerson/Maps/FirstPersonMap/_Generated_/MainGrid_L0_X-1_Y0_DL0.uexp" 899
"D:/Unreal Project/Synergy/Content/FirstPerson/Maps/FirstPersonMap/_Generated_/MainGrid_L0_X-1_Y0_DL0.umap" 900
"D:/Unreal Project/Synergy/Content/FirstPerson/Maps/FirstPersonMap/_Generated_/MainGrid_L0_X0_Y0_DL0.uexp" 901
"D:/Unreal Project/Synergy/Content/FirstPerson/Maps/FirstPersonMap/_Generated_/MainGrid_L0_X0_Y0_DL0.umap" 902
